    1 1.0e-3  1   1.0e-3 1978/12/18 179.6  2.57e4 7.5e-2 143.6  42e-3        100.1  14e-9 .1407  0.0000w 1.4e-2
    2 2.3e-3  1   3.3e-3 1978/12/18 179.6  2.57e4 .2515  143.6  .1399        100.0  11e-9 .3271  0.0000w 3.3e-2
    3 5.3e-3  1   8.6e-3 1978/12/18 179.5  2.57e4 .6569  143.6  .3646        100.0  5.e-9 .7565  0.0001w 7.7e-2
    4 1.2e-2  1   2.0e-2 1978/12/18 179.4  2.57e4 1.578  143.6  .8718        100.1  19e-8 1.729  0.0001w .1776 
    5 2.7e-2  1   4.8e-2 1978/12/18 179.2  2.57e4 3.602  143.6  1.971        100.0  61e-8 3.848  0.0003w .3953 
    6 5.7e-2  1   .1061  1978/12/18 178.7  2.56e4 7.753  143.6  4.159        100.0  26e-7 8.120  0.0006w .8332 
    7 .1103   3   .2165  1978/12/18 177.7  2.55e4 15.27  143.6  7.914        100.0  26e-7 15.49  0.0011w 1.582 
    8 .1811   9   .3975  1978/12/18 176.1  2.52e4 26.57  143.6  13.11        100.0  26e-7 25.37  0.0019w 2.577 
    9 .2504  11   .6479  1978/12/19 174.0  2.49e4 40.44  143.6  18.86        100.0  26e-7 35.00  0.0026w 3.527 
   10 .3011  11   .9490  1978/12/19 171.6  2.46e4 54.87  143.6  24.23        100.0  26e-7 41.91  0.0031w 4.185 
   11 .3320   9   1.281  1978/12/19 169.0  2.42e4 68.43  143.6  28.82        100.0  26e-7 45.95  0.0033w 4.547 
   12 .3502   8   1.631  1978/12/20 166.4  2.38e4 80.49  143.6  32.60        100.0  26e-7 48.08  0.0035w 4.719 
   13 .3618   7   1.993  1978/12/20 163.8  2.35e4 90.90  143.6  35.68        100.0  26e-7 49.83  0.0036w 4.864 
   14 .1837  10   2.177  1978/12/20 162.5  2.33e4 95.69  143.6  37.06        100.0  26e-7 25.14  0.0018w 2.462 
   15 .2588   9   2.435  1978/12/20 160.8  2.30e4 101.6  143.6  38.72        100.0  27e-7 34.41  0.0025w 3.429 
   16 .3154   7   2.751  1978/12/21 158.7  2.27e4 107.7  143.6  40.43        100.0  27e-7 40.14  0.0028w 4.112 
   17 .3510   5   3.102  1978/12/21 156.4  2.24e4 113.3  143.6  42.01        100.0  27e-7 -44.3  0.0030w 4.485 
   18 .3730   3   3.475  1978/12/21 154.1  2.21e4 118.2  143.6  43.40        100.0  29e-7 -47.0  0.0029w 4.659 
   19 .3881   2   3.863  1978/12/22 151.7  2.17e4 122.2  143.6  44.60        100.0  51e-7 -48.7  0.0028w 4.736 
   20 .4002   2   4.263  1978/12/22 149.4  2.14e4 125.4  143.6  45.63        100.0  72e-7 -49.8  0.0027w 4.767 
1

                                 S T A R S   T I M E   S T E P   S U M M A R Y
                                              STARS Test Bed No. 7
                                    Fourth SPE Comparative Solution Project
                                     Problem 2A:  Steam Flood with Dead Oil
 ==============================================================================================================
 ---Time Step---- ------Time------- ------------Production----------- --Injection--  Mat  ---Maximum Changes---
                C                    Oil    Gas   Water   GOR    Wat.  Gas   Water   Bal   Pres    Sat   Temp
       Size     U                                         ft3    Cut                 Err
  No.  days  IT T  days   yy/mm/dd  bbl/d  ft3/d  bbl/d   /bbl    %   ft3/d  bbl/d    %    psi    w/o/g  deg F
 ---- ------ -- - ------ ---------- ------ ------ ------ ------ ----- ------ ------ ----- ------ ------- ------
   21 .4111   2   4.674  1978/12/23 147.1  2.11e4 127.9  143.6  46.51        99.97  81e-7 -50.7  0.0025w 4.782 
   22 .4216   2   5.096  1978/12/23 144.8  2.07e4 129.7  143.6  47.26        99.97  91e-7 -51.3  0.0023w 4.792 
   23 .4319   2   5.528  1978/12/24 142.5  2.04e4 131.0  143.6  47.90        99.98  10e-6 -51.8  0.0021w 4.801 
   24 .4419   2   5.970  1978/12/24 140.2  2.01e4 131.8  143.6  48.45        99.98  10e-6 -52.2  0.0018w 4.809 
   25 .4518   2   6.422  1978/12/24 138.0  1.98e4 132.1  143.6  48.91        99.99  11e-6 -52.4  0.0016w 4.818 
   26 .4614   2   6.883  1978/12/25 135.8  1.94e4 132.0  143.6  49.30        99.99  12e-6 -52.6  0.0014w 4.826 
   27 .4707   3   7.354  1978/12/25 133.6  1.91e4 131.6  143.6  49.63        100.0  12e-6 -52.6  0.0012w 4.825 
   28 .4803   2   7.834  1978/12/26 131.4  1.88e4 130.9  143.6  49.91        99.98  13e-6 -52.5  0.0012w 4.817 
   29 .4906   2   8.325  1978/12/26 129.2  1.85e4 130.0  143.6  50.14        99.99  15e-6 -52.5  0.0013w 4.825 
   30 .5006   2   8.825  1978/12/27 127.1  1.82e4 128.8  143.6  50.33        99.99  17e-6 -52.4  0.0013w 4.839 
   31 .5100   2   9.335  1978/12/27 125.0  1.79e4 127.4  143.6  50.48        99.99  14e-6 -52.1  0.0014w 4.853 
   32 .5187   2   9.854  1978/12/28 122.9  1.76e4 125.9  143.6  50.60        99.99  25e-6 -51.8  0.0014w 4.873 
   33 .5263   2   10.38  1978/12/28 120.9  1.73e4 124.3  143.6  50.70        100.0  24e-6 -51.3  0.0014w 4.846 
   34 .5358   2   10.92  1978/12/29 118.8  1.70e4 122.5  143.6  50.76        100.0  24e-6 -50.9  0.0014w 4.840 
   35 .5457   2   11.46  1978/12/29 116.8  1.67e4 120.7  143.6  50.81        100.0  23e-6 -50.6  0.0014w 4.865 
   36 .5543   2   12.02  1978/12/30 114.9  1.64e4 118.8  143.6  50.84        100.0  22e-6 -50.0  0.0014w 4.881 
   37 .5619   2   12.58  1978/12/31 112.9  1.62e4 116.9  143.6  50.85        100.0  22e-6 -49.4  0.0014w 4.891 
   38 .5690   2   13.15  1978/12/31 111.0  1.59e4 114.9  143.6  50.85        100.0  23e-6 -48.7  0.0014w 4.897 
   39 .5758   2   13.72  1979/01/01 109.2  1.56e4 112.9  143.6  50.83        100.0  24e-6 -48.0  0.0013w 4.900 
   40 .5824   2   14.31  1979/01/01 107.4  1.54e4 110.8  143.6  50.80        100.0  24e-6 -47.3  0.0013w 4.900 
1

                                 S T A R S   T I M E   S T E P   S U M M A R Y
                                              STARS Test Bed No. 7
                                    Fourth SPE Comparative Solution Project
                                     Problem 2A:  Steam Flood with Dead Oil
 ==============================================================================================================
 ---Time Step---- ------Time------- ------------Production----------- --Injection--  Mat  ---Maximum Changes---
                C                    Oil    Gas   Water   GOR    Wat.  Gas   Water   Bal   Pres    Sat   Temp
       Size     U                                         ft3    Cut                 Err
  No.  days  IT T  days   yy/mm/dd  bbl/d  ft3/d  bbl/d   /bbl    %   ft3/d  bbl/d    %    psi    w/o/g  deg F
 ---- ------ -- - ------ ---------- ------ ------ ------ ------ ----- ------ ------ ----- ------ ------- ------
   41 .5892   2   14.89  1979/01/02 105.6  1.51e4 108.8  143.6  50.76        100.0  25e-6 -46.5  0.0013w 4.897 
   42 .5961   2   15.49  1979/01/02 103.8  1.49e4 106.8  143.6  50.71        100.0  26e-6 -45.8  0.0012w 4.900 
   43 .6030   2   16.09  1979/01/03 102.1  1.46e4 104.8  143.6  50.65        100.0  26e-6 -45.1  0.0012w 4.896 
   44 .6103   2   16.70  1979/01/04 100.4  1.44e4 102.7  143.6  50.59        99.99  27e-6 -44.4  0.0011w 4.892 
   45 .6179   2   17.32  1979/01/04 98.68  1.41e4 100.8  143.6  50.52        99.99  28e-6 -43.7  0.0012w 4.888 
   46 .6260   2   17.95  1979/01/05 97.04  1.39e4 98.78  143.6  50.44        99.99  28e-6 -43.0  0.0011w 4.888 
   47 .6341   2   18.58  1979/01/06 95.42  1.37e4 96.82  143.6  50.36        99.99  31e-6 -42.4  0.0011w 4.881 
   48 .6428   2   19.22  1979/01/06 93.83  1.34e4 94.88  143.6  50.28        99.99  31e-6 -41.7  0.0011w 4.878 
   49 .6519   2   19.88  1979/01/07 92.27  1.32e4 92.97  143.6  50.19        100.0  33e-6 -41.1  0.0010w 4.864 
   50 .6622   2   20.54  1979/01/08 90.73  1.30e4 91.07  143.6  50.10        100.0  34e-6 -40.5  0.0009w 4.860 
   51 .6730   2   21.21  1979/01/08 89.21  1.28e4 89.20  143.6  50.00        99.99  34e-6 -40.0  0.0010w 4.863 
   52 .6837   2   21.90  1979/01/09 87.71  1.25e4 87.36  143.6  49.90        100.0  37e-6 -39.4  0.0009w 4.851 
   53 .6955   2   22.59  1979/01/10 86.24  1.23e4 85.54  143.6  49.80        100.0  38e-6 -38.9  0.0009w 4.851 
   54 .7076   2   23.30  1979/01/10 84.33  1.20e4 83.70  143.1  49.81        100.0  59e-6 -38.0  0.0031g 4.852 
   55 .7197   2   24.02  1979/01/11 81.89  1.16e4 81.67  142.1  49.93        100.0  89e-6 -36.9  0.0038g 4.841 
   56 .7330   2   24.75  1979/01/12 79.57  1.12e4 79.40  141.1  49.95        100.0  96e-6 -36.1  0.0037g 4.838 
   57 .7468   2   25.50  1979/01/12 77.43  1.08e4 77.02  140.3  49.87        100.0  10e-5 -35.8  0.0035g 4.838 
   58 .7609   2   26.26  1979/01/13 75.44  1.05e4 74.60  139.6  49.72        100.0  10e-5 -35.4  0.0034g 4.826 
   59 .7763   2   27.04  1979/01/14 73.59  1.02e4 72.20  139.0  49.52        100.0  11e-5 -35.2  0.0032g 4.823 
   60 .7923   3   27.83  1979/01/15 71.86  9950   69.85  138.5  49.29        100.0  11e-5 -34.9  0.0031g 4.850 
1

                                 S T A R S   T I M E   S T E P   S U M M A R Y
                                              STARS Test Bed No. 7
                                    Fourth SPE Comparative Solution Project
                                     Problem 2A:  Steam Flood with Dead Oil
 ==============================================================================================================
 ---Time Step---- ------Time------- ------------Production----------- --Injection--  Mat  ---Maximum Changes---
                C                    Oil    Gas   Water   GOR    Wat.  Gas   Water   Bal   Pres    Sat   Temp
       Size     U                                         ft3    Cut                 Err
  No.  days  IT T  days   yy/mm/dd  bbl/d  ft3/d  bbl/d   /bbl    %   ft3/d  bbl/d    %    psi    w/o/g  deg F
 ---- ------ -- - ------ ---------- ------ ------ ------ ------ ----- ------ ------ ----- ------ ------- ------
   61 .8062   3   28.63  1979/01/16 70.23  9693   67.60  138.0  49.04        100.0  11e-5 -34.5  -.0030o 4.903 
   62 .8152   3   29.45  1979/01/16 68.44  9395   65.42  137.3  48.87        100.0  11e-5 -33.6  -.0028o 4.893 
   63 .8253   3   30.27  1979/01/17 66.39  9034   63.25  136.1  48.79        100.0  12e-5 -32.6  0.0034g 4.883 
   64 .8365   3   31.11  1979/01/18 64.32  8670   61.03  134.8  48.68        100.0  12e-5 -31.2  0.0033g 4.863 
   65 .8498   3   31.96  1979/01/19 62.44  8344   58.79  133.6  48.49        100.0  12e-5 -30.9  0.0032g 4.845 
   66 .8651   3   32.83  1979/01/20 60.70  8050   56.58  132.6  48.24        100.0  12e-5 -30.7  0.0030g 4.822 
   67 .4416   2   33.27  1979/01/20 59.87  7911   55.48  132.1  48.10        100.0  12e-5 -15.5  0.0015g 2.427 
   68 .6255   2   33.89  1979/01/21 58.76  7728   53.97  131.5  47.88        100.0  12e-5 -21.5  0.0020g 3.374 
   69 .3842   1   34.28  1979/01/21 58.11  7622   53.08  131.2  47.74        99.98  14e-5 -13.1  0.0012g 2.050 
   70 .5796   2   34.86  1979/01/22 57.18  7472   51.78  130.7  47.53        100.0  14e-5 -19.4  0.0018g 3.036 
   71 .3736   1   35.23  1979/01/22 56.60  7379   50.98  130.4  47.39        99.98  15e-5 -12.4  0.0011g 1.937 
   72 .5749   2   35.81  1979/01/23 55.75  7245   49.79  130.0  47.17        100.0  15e-5 -18.7  0.0016g 2.918 
   73 .3772   1   36.18  1979/01/23 55.22  7161   49.04  129.7  47.03        99.98  16e-5 -12.2  0.0010g 1.894 
   74 .5848   2   36.77  1979/01/24 54.43  7038   47.93  129.3  46.82        100.0  16e-5 -18.5  0.0015g 2.871 
   75 .3864   1   37.15  1979/01/24 53.93  6960   47.22  129.1  46.68        99.98  17e-5 -12.1  0.0010g 1.871 
   76 .6015   2   37.75  1979/01/25 53.19  6845   46.18  128.7  46.47        100.0  18e-5 -18.5  0.0015g 2.851 
   77 .3986   1   38.15  1979/01/25 52.71  6772   45.51  128.5  46.34        99.98  19e-5 -12.1  0.0010g 1.865 
   78 .6213   2   38.77  1979/01/26 52.00  6664   44.54  128.2  46.13        100.0  19e-5 -18.6  0.0014g 2.841 
   79 .4124   1   39.19  1979/01/26 51.54  6595   43.91  128.0  46.00        99.98  20e-5 -12.2  0.0009g 1.859 
   80 .6433   2   39.83  1979/01/27 50.85  6491   43.00  127.6  45.82        100.0  20e-5 -18.7  0.0014g 2.832 
1

                                 S T A R S   T I M E   S T E P   S U M M A R Y
                                              STARS Test Bed No. 7
                                    Fourth SPE Comparative Solution Project
                                     Problem 2A:  Steam Flood with Dead Oil
 ==============================================================================================================
 ---Time Step---- ------Time------- ------------Production----------- --Injection--  Mat  ---Maximum Changes---
                C                    Oil    Gas   Water   GOR    Wat.  Gas   Water   Bal   Pres    Sat   Temp
       Size     U                                         ft3    Cut                 Err
  No.  days  IT T  days   yy/mm/dd  bbl/d  ft3/d  bbl/d   /bbl    %   ft3/d  bbl/d    %    psi    w/o/g  deg F
 ---- ------ -- - ------ ---------- ------ ------ ------ ------ ----- ------ ------ ----- ------ ------- ------
   81 .4276   1   40.26  1979/01/27 50.35  6410   42.41  127.3  45.72        99.99  20e-5 -12.4  0.0013g 1.854 
   82 .6677   2   40.93  1979/01/28 49.46  6260   41.53  126.6  45.64        100.0  20e-5 -18.8  0.0029g 2.823 
   83 .4444   1   41.37  1979/01/28 48.93  6172   40.95  126.1  45.57        99.99  21e-5 -12.2  0.0013g 1.849 
   84 .6946   2   42.07  1979/01/29 47.89  5987   40.06  125.0  45.55        100.0  21e-5 -18.7  0.0027g 2.814 
   85 .4630   1   42.53  1979/01/30 47.28  5881   39.46  124.4  45.49        99.99  23e-5 -11.9  0.0013g 1.843 
   86 .7243   2   43.25  1979/01/30 46.38  5727   38.53  123.5  45.38        100.0  23e-5 -17.8  0.0019g 2.804 
   87 .4835   1   43.74  1979/01/31 45.80  5630   37.98  122.9  45.33        99.99  23e-5 -11.8  0.0012g 1.838 
   88 .7572   3   44.49  1979/01/31 44.94  6341   37.38  141.1  45.41        100.0  23e-5 -18.2  0.0019g 2.781 
   89 .5072   1   45.00  1979/02/01 44.37  6503   37.13  146.6  45.56        99.98  25e-5 -12.0  0.0012g 1.824 
   90 .7962   3   45.80  1979/02/02 43.54  6584   36.60  151.2  45.67        100.0  25e-5 -18.6  0.0018g 2.768 
   91 .5344   1   46.33  1979/02/02 43.00  6202   36.25  144.2  45.74        99.98  26e-5 -12.3  0.0012g 1.813 
   92 .4203   1   46.75  1979/02/03 42.59  6350   35.95  149.1  45.78        99.99  22e-5 -9.61  0.0009g 1.399 
   93 .7143   4   47.47  1979/02/03 41.90  7573   35.76  180.7  46.05        100.0  22e-5 -16.1  0.0015g 2.307 
   94 .5159   1   47.98  1979/02/04 41.42  6973   35.60  168.3  46.22        99.98  23e-5 -11.5  0.0010g 1.628 
   95 .4197   1   48.40  1979/02/04 41.04  6987   35.43  170.2  46.33        99.99  23e-5 -9.26  0.0008g 1.298 
   96 .7275   3   49.13  1979/02/05 40.42  7312   35.08  180.9  46.47        100.0  24e-5 -15.8  0.0014g 2.182 
   97 .5365   1   49.67  1979/02/06 39.97  6704   34.80  167.7  46.54        99.99  25e-5 -11.5  0.0010g 1.573 
   98 .4410   1   50.11  1979/02/06 39.62  6705   34.55  169.2  46.58        99.99  25e-5 -9.39  0.0008g 1.271 
   99 .7686   1   50.87  1979/02/07 39.03  7001   34.08  179.4  46.61        99.97  27e-5 -16.1  0.0013g 2.144 
  100 .5705   1   51.45  1979/02/07 38.61  6386   33.71  165.4  46.61        99.99  31e-5 -11.8  0.0010g 1.555 
1

                                 S T A R S   T I M E   S T E P   S U M M A R Y
                                              STARS Test Bed No. 7
                                    Fourth SPE Comparative Solution Project
                                     Problem 2A:  Steam Flood with Dead Oil
 ==============================================================================================================
 ---Time Step---- ------Time------- ------------Production----------- --Injection--  Mat  ---Maximum Changes---
                C                    Oil    Gas   Water   GOR    Wat.  Gas   Water   Bal   Pres    Sat   Temp
       Size     U                                         ft3    Cut                 Err
  No.  days  IT T  days   yy/mm/dd  bbl/d  ft3/d  bbl/d   /bbl    %   ft3/d  bbl/d    %    psi    w/o/g  deg F
 ---- ------ -- - ------ ---------- ------ ------ ------ ------ ----- ------ ------ ----- ------ ------- ------
  101 .4705   1   51.92  1979/02/08 38.28  6377   33.40  166.6  46.59        99.99  32e-5 -9.65  0.0008g 1.258 
  102 .4110   1   52.33  1979/02/08 38.00  6346   33.12  167.0  46.57        99.99  32e-5 -8.36  0.0007g 1.079 
  103 .3724   1   52.70  1979/02/09 37.74  6304   32.86  167.0  46.54        100.0  34e-5 -7.51  0.0006g .9649 
  104 .6911   1   53.39  1979/02/09 37.30  6526   32.39  175.0  46.48        99.99  35e-5 -13.7  0.0011g 1.734 
  105 .5513   1   53.94  1979/02/10 36.96  5995   32.01  162.2  46.41        99.99  36e-5 -10.8  0.0008g 1.354 
  106 .4726   1   54.41  1979/02/10 36.67  5957   31.68  162.4  46.35        99.99  37e-5 -9.20  0.0007g 1.135 
  107 .4233   1   54.84  1979/02/11 36.43  5914   31.39  162.3  46.29        100.0  37e-5 -8.17  0.0006g 1.003 
  108 .7793   2   55.62  1979/02/12 35.99  6093   30.87  169.3  46.16        100.0  38e-5 -14.8  0.0011g 1.790 
  109 .6154   1   56.23  1979/02/12 35.67  5606   30.46  157.2  46.06        99.99  38e-5 -11.5  0.0008g 1.375 
  110 .5254   1   56.76  1979/02/13 35.39  5568   30.12  157.3  45.97        99.99  39e-5 -9.75  0.0007g 1.151 
  111 .9379   1   57.70  1979/02/14 34.94  5726   29.53  163.9  45.81        99.98  41e-5 -17.1  0.0012g 2.016 
  112 .7116   1   58.41  1979/02/14 34.60  5258   29.11  152.0  45.69        99.99  42e-5 -12.8  0.0009g 1.527 
  113 .5900   2   59.00  1979/02/15 34.33  5425   28.79  158.0  45.61        100.0  42e-5 -10.5  0.0007g 1.262 
  114 .5150   2   59.51  1979/02/16 34.10  5917   28.64  173.5  45.65        100.0  42e-5 -9.05  0.0006g 1.098 
  115 .4648   1   59.98  1979/02/16 33.89  5936   28.54  175.2  45.72        100.0  43e-5 -8.09  0.0005g .9796 
  116 .4299   1   60.41  1979/02/16 33.69  5878   28.44  174.4  45.77        100.0  43e-5 -7.42  0.0005g .9021 
  117 .8086   1   61.22  1979/02/17 33.35  6121   28.24  183.6  45.85        99.99  44e-5 -13.7  0.0009g 1.668 
  118 .6529   1   61.87  1979/02/18 33.07  5614   28.08  169.7  45.92        99.99  45e-5 -10.9  -.0007o 1.343 
  119 .5608   1   62.43  1979/02/18 32.85  5585   27.93  170.0  45.96        100.0  46e-5 -9.29  -.0006o 1.139 
  120 .5018   1   62.93  1979/02/19 32.65  5553   27.79  170.1  45.98        100.0  46e-5 -8.23  -.0005o 1.032 
1

                                 S T A R S   T I M E   S T E P   S U M M A R Y
                                              STARS Test Bed No. 7
                                    Fourth SPE Comparative Solution Project
                                     Problem 2A:  Steam Flood with Dead Oil
 ==============================================================================================================
 ---Time Step---- ------Time------- ------------Production----------- --Injection--  Mat  ---Maximum Changes---
                C                    Oil    Gas   Water   GOR    Wat.  Gas   Water   Bal   Pres    Sat   Temp
       Size     U                                         ft3    Cut                 Err
  No.  days  IT T  days   yy/mm/dd  bbl/d  ft3/d  bbl/d   /bbl    %   ft3/d  bbl/d    %    psi    w/o/g  deg F
 ---- ------ -- - ------ ---------- ------ ------ ------ ------ ----- ------ ------ ----- ------ ------- ------
  121 .4591   2   63.39  1979/02/19 32.46  6235   27.75  192.1  46.09        100.0  46e-5 -7.47  -.0005o .9288 
  122 .4293   1   63.82  1979/02/20 32.29  6239   27.75  193.2  46.22        100.0  47e-5 -6.92  -.0004o .8982 
  123 .8081   7   64.63  1979/02/21 31.93  6523   27.69  204.3  46.44        100.0  47e-5 -12.9  0.0010g 1.608 
  124 .6598   1   65.29  1979/02/21 31.61  5937   27.62  187.8  46.63        99.99  48e-5 -10.4  -.0011o 1.292 
  125 .5726   3   65.86  1979/02/22 31.34  5901   27.53  188.3  46.76        100.0  48e-5 -8.84  0.0009g 1.153 
  126 .5109   1   66.37  1979/02/22 31.11  5866   27.43  188.5  46.86        100.0  49e-5 -7.81  0.0008g 1.025 
  127 .4681   1   66.84  1979/02/23 30.90  5824   27.33  188.5  46.93        100.0  49e-5 -7.09  0.0007g .9533 
  128 .4354   1   67.27  1979/02/23 30.63  5759   27.23  188.0  47.07        100.0  50e-5 -6.78  -.0015o .8751 
  129 .8238   7   68.10  1979/02/24 30.21  5996   26.99  198.5  47.19        100.0  50e-5 -11.9  0.0013g 1.617 
  130 .6715   7   68.77  1979/02/25 29.88  5422   26.78  181.4  47.26        100.0  50e-5 -9.39  0.0010g 1.312 
  131 .5804   1   69.35  1979/02/25 29.61  5387   26.58  181.9  47.30        100.0  51e-5 -7.88  0.0009g 1.167 
  132 .5164   1   69.87  1979/02/26 29.38  5334   26.39  181.5  47.32        100.0  51e-5 -6.82  0.0007g 1.014 
  133 .4743   1   70.34  1979/02/26 29.18  5289   26.21  181.3  47.32        100.0  52e-5 -6.10  0.0007g .9613 
  134 .8809   7   71.22  1979/02/27 28.81  5490   25.86  190.5  47.30        100.0  52e-5 -10.8  0.0012g 1.660 
  135 .7124   7   71.93  1979/02/28 28.53  4976   25.58  174.4  47.27        100.0  52e-5 -8.40  0.0010g 1.413 
  136 .6037   7   72.54  1979/03/01 28.31  4931   25.33  174.2  47.22        100.0  52e-5 -6.88  0.0008g 1.159 
  137 .5380   1   73.08  1979/03/01 28.11  4901   25.11  174.3  47.18        100.0  53e-5 -5.96  0.0007g 1.077 
  138 .9753   7   74.05  1979/03/02 27.78  5077   24.71  182.8  47.08        100.0  59e-5 -10.2  0.0012g 1.802 
  139 .7685   7   74.82  1979/03/03 27.53  4611   24.40  167.5  46.99        100.0  63e-5 -7.73  0.0009g 1.506 
  140 .6397   7   75.46  1979/03/03 27.32  4576   24.14  167.5  46.91        100.0  63e-5 -6.21  0.0007g 1.211 
1

                                 S T A R S   T I M E   S T E P   S U M M A R Y
                                              STARS Test Bed No. 7
                                    Fourth SPE Comparative Solution Project
                                     Problem 2A:  Steam Flood with Dead Oil
 ==============================================================================================================
 ---Time Step---- ------Time------- ------------Production----------- --Injection--  Mat  ---Maximum Changes---
                C                    Oil    Gas   Water   GOR    Wat.  Gas   Water   Bal   Pres    Sat   Temp
       Size     U                                         ft3    Cut                 Err
  No.  days  IT T  days   yy/mm/dd  bbl/d  ft3/d  bbl/d   /bbl    %   ft3/d  bbl/d    %    psi    w/o/g  deg F
 ---- ------ -- - ------ ---------- ------ ------ ------ ------ ----- ------ ------ ----- ------ ------- ------
  141 .5641   1   76.02  1979/03/04 27.15  4553   23.92  167.7  46.83        100.0  63e-5 5.606  0.0006g 1.122 
  142 1.013   7   77.04  1979/03/05 26.87  4708   23.53  175.2  46.69        100.0  66e-5 -9.05  0.0011g 1.870 
  143 .7888   7   77.82  1979/03/06 26.65  4300   23.23  161.3  46.57        100.0  66e-5 7.472  0.0008g 1.554 
  144 .6507   7   78.48  1979/03/06 26.48  4273   22.99  161.4  46.47        100.0  66e-5 5.553  0.0007g 1.227 
  145 1.144   7   79.62  1979/03/08 26.20  4432   22.59  169.1  46.30        100.0  66e-5 9.416  0.0011g 2.206 
  146 .8404   7   80.46  1979/03/08 26.01  4047   22.31  155.6  46.17        100.0  66e-5 7.202  0.0008g 1.582 
  147 .6896   7   81.15  1979/03/09 25.85  4050   22.08  156.7  46.07        100.0  67e-5 6.091  0.0006g 1.358 
  148 1.181   7   82.33  1979/03/10 25.60  4187   21.72  163.5  45.90        100.0  67e-5 9.122  0.0011g 2.211 
  149 .8669   7   83.20  1979/03/11 25.43  3855   21.46  151.6  45.77        100.0  67e-5 7.507  0.0008g 1.693 
  150 .6968   7   83.89  1979/03/12 25.29  3852   21.27  152.3  45.68        100.0  67e-5 5.751  0.0006g 1.333 
  151 1.199   7   85.09  1979/03/13 25.07  3983   20.95  158.9  45.52        100.0  69e-5 9.108  0.0010g 2.300 
  152 .8673   7   85.96  1979/03/14 24.92  3688   20.73  148.0  45.41        100.0  75e-5 8.193  0.0007g 1.771 
  153 1.375   7   87.34  1979/03/15 24.70  3827   20.41  154.9  45.24        100.0  84e-5 9.858  0.0010g 2.556 
  154 .9537   7   88.29  1979/03/16 24.55  3556   20.20  144.9  45.14        100.0  91e-5 8.007  0.0007g 1.961 
  155 .7306   7   89.02  1979/03/17 24.44  3561   20.04  145.7  45.06        100.0  91e-5 6.725  0.0005g 1.293 
  156 .6338   7   89.65  1979/03/18 24.34  3573   19.91  146.8  44.99        100.0  94e-5 7.933  0.0004g 1.207 
  157 .5594   7   90.21  1979/03/18 24.26  3562   19.80  146.8  44.94        100.0  96e-5 -5.34  -.0004o .9777 
  158 .5177   2   90.73  1979/03/19 24.19  3814   19.74  157.7  44.94        100.0  96e-5 3.483  0.0004g .9046 
  159 .4866   2   91.22  1979/03/19 24.12  3845   19.70  159.4  44.95        100.0  96e-5 2.846  0.0003g .8542 
  160 .4623   2   91.68  1979/03/20 24.05  4058   19.68  168.7  45.00        100.0  96e-5 2.672  0.0003g .8096 
1

                                 S T A R S   T I M E   S T E P   S U M M A R Y
                                              STARS Test Bed No. 7
                                    Fourth SPE Comparative Solution Project
                                     Problem 2A:  Steam Flood with Dead Oil
 ==============================================================================================================
 ---Time Step---- ------Time------- ------------Production----------- --Injection--  Mat  ---Maximum Changes---
                C                    Oil    Gas   Water   GOR    Wat.  Gas   Water   Bal   Pres    Sat   Temp
       Size     U                                         ft3    Cut                 Err
  No.  days  IT T  days   yy/mm/dd  bbl/d  ft3/d  bbl/d   /bbl    %   ft3/d  bbl/d    %    psi    w/o/g  deg F
 ---- ------ -- - ------ ---------- ------ ------ ------ ------ ----- ------ ------ ----- ------ ------- ------
  161 .1479   1   91.83  1979/03/20 24.03  3597   19.68  149.7  45.02        100.0  96e-5 7.622  0.0001w .2901 
  162 .3203   1   92.15  1979/03/20 23.98  4177   19.66  174.2  45.05        100.0  96e-5 -5.69  -.0003o .5534 
  163 .3256   2   92.47  1979/03/20 23.94  4060   19.65  169.6  45.08        100.0  96e-5 1.900  0.0002g .5669 
  164 .3300   2   92.80  1979/03/21 23.89  4048   19.63  169.4  45.11        100.0  96e-5 1.866  0.0002g .5750 
  165 .3338   2   93.14  1979/03/21 23.84  4038   19.62  169.3  45.14        100.0  96e-5 1.871  0.0002g .5813 
  166 .3371   2   93.47  1979/03/21 23.80  4027   19.60  169.2  45.16        100.0  96e-5 1.872  0.0002g .5865 
  167 .3401   2   93.81  1979/03/22 23.75  4016   19.58  169.1  45.19        100.0  96e-5 1.870  0.0002g .5909 
  168 .3428   2   94.16  1979/03/22 23.70  4004   19.56  168.9  45.21        100.0  96e-5 2.215  0.0002g .5956 
  169 .3451   2   94.50  1979/03/23 23.66  3947   19.53  166.8  45.23        100.0  96e-5 2.176  0.0002g .5986 
  170 .3472   2   94.85  1979/03/23 23.61  3922   19.51  166.1  45.24        100.0  96e-5 2.139  0.0002g .6012 
  171 .3491   2   95.20  1979/03/23 23.57  3909   19.48  165.9  45.26        100.0  96e-5 2.104  0.0002g .6035 
  172 .3509   2   95.55  1979/03/24 23.52  3878   19.46  164.9  45.27        100.0  96e-5 2.070  0.0002g .6054 
  173 .3524   2   95.90  1979/03/24 23.48  3826   19.43  163.0  45.28        100.0  97e-5 2.038  0.0002g .6071 
  174 .3539   2   96.26  1979/03/24 23.43  3812   19.40  162.7  45.29        100.0  97e-5 2.008  0.0002g .6086 
  175 .3552   2   96.61  1979/03/25 23.39  3799   19.37  162.4  45.30        100.0  97e-5 1.978  0.0002g .6099 
  176 .3564   2   96.97  1979/03/25 23.34  4117   19.37  176.4  45.35        100.0  97e-5 1.950  0.0002g .6110 
  177 .3576   2   97.33  1979/03/25 23.30  4309   19.40  185.0  45.44        100.0  97e-5 1.923  0.0002g .6119 
  178 .3587   2   97.68  1979/03/26 23.25  4310   19.42  185.4  45.51        100.0  97e-5 1.897  0.0002g .6127 
  179 .3597   2   98.04  1979/03/26 23.20  4307   19.44  185.6  45.59        100.0  97e-5 -1.87  0.0002g .6134 
  180 .3606   2   98.40  1979/03/26 23.16  4302   19.45  185.8  45.66        100.0  97e-5 -1.87  0.0002g .6140 
1

                                 S T A R S   T I M E   S T E P   S U M M A R Y
                                              STARS Test Bed No. 7
                                    Fourth SPE Comparative Solution Project
                                     Problem 2A:  Steam Flood with Dead Oil
 ==============================================================================================================
 ---Time Step---- ------Time------- ------------Production----------- --Injection--  Mat  ---Maximum Changes---
                C                    Oil    Gas   Water   GOR    Wat.  Gas   Water   Bal   Pres    Sat   Temp
       Size     U                                         ft3    Cut                 Err
  No.  days  IT T  days   yy/mm/dd  bbl/d  ft3/d  bbl/d   /bbl    %   ft3/d  bbl/d    %    psi    w/o/g  deg F
 ---- ------ -- - ------ ---------- ------ ------ ------ ------ ----- ------ ------ ----- ------ ------- ------
  181 .3615   2   98.77  1979/03/27 23.11  4297   19.46  185.9  45.72        100.0  97e-5 1.878  0.0002g .6145 
  182 .3624   2   99.13  1979/03/27 23.06  4290   19.47  186.0  45.78        100.0  97e-5 1.882  0.0002g .6149 
  183 .3633   2   99.49  1979/03/27 23.02  4271   19.48  185.6  45.84        100.0  97e-5 -1.90  0.0002g .6153 
  184 .3641   2   99.86  1979/03/28 22.97  4206   19.48  183.1  45.89        100.0  97e-5 -1.93  0.0002g .6158 
  185 .3648   2   100.2  1979/03/28 22.93  4150   19.48  181.0  45.94        100.0  97e-5 -1.95  -.0002o .6161 
  186 .3656   2   100.6  1979/03/29 22.88  4139   19.48  180.9  45.99        100.0  97e-5 -1.97  -.0002o .6163 
  187 .3663   2   101.0  1979/03/29 22.84  4128   19.48  180.7  46.03        100.0  97e-5 -1.98  -.0002o .6165 
  188 .3670   2   101.3  1979/03/29 22.79  4117   19.47  180.6  46.07        100.0  97e-5 -2.00  -.0002o .6166 
  189 .3677   2   101.7  1979/03/30 22.75  4105   19.46  180.4  46.10        100.0  97e-5 -2.01  -.0002o .6168 
  190 .3684   2   102.1  1979/03/30 22.71  4093   19.45  180.2  46.14        100.0  97e-5 -2.01  -.0002o .6169 
  191 .3691   2   102.4  1979/03/30 22.67  4081   19.44  180.0  46.16        100.0  97e-5 -2.02  -.0002o .6170 
  192 .3698   2   102.8  1979/03/31 22.62  4068   19.42  179.8  46.19        100.0  97e-5 -2.02  -.0002o .6171 
  193 .3704   2   103.2  1979/03/31 22.58  4055   19.40  179.6  46.22        100.0  97e-5 -2.02  -.0002o .6171 
  194 .3711   2   103.5  1979/04/01 22.54  4042   19.39  179.3  46.24        100.0  97e-5 -2.02  -.0002o .6172 
  195 .3718   2   103.9  1979/04/01 22.50  4028   19.36  179.0  46.26        100.0  97e-5 -2.02  -.0002o .6172 
  196 .3724   2   104.3  1979/04/01 22.46  4015   19.34  178.8  46.27        100.0  97e-5 -2.02  -.0002o .6173 
  197 .3731   2   104.7  1979/04/02 22.42  4001   19.32  178.5  46.29        100.0  97e-5 -2.01  -.0002o .6173 
  198 .3738   2   105.0  1979/04/02 22.38  3987   19.29  178.2  46.30        100.0  97e-5 2.020  -.0002o .6173 
  199 .3744   2   105.4  1979/04/02 22.34  3973   19.27  177.9  46.31        100.0  97e-5 2.032  0.0002w .6174 
  200 .3751   2   105.8  1979/04/03 22.30  3959   19.24  177.5  46.32        100.0  97e-5 2.045  0.0002w .6176 
1

                                 S T A R S   T I M E   S T E P   S U M M A R Y
                                              STARS Test Bed No. 7
                                    Fourth SPE Comparative Solution Project
                                     Problem 2A:  Steam Flood with Dead Oil
 ==============================================================================================================
 ---Time Step---- ------Time------- ------------Production----------- --Injection--  Mat  ---Maximum Changes---
                C                    Oil    Gas   Water   GOR    Wat.  Gas   Water   Bal   Pres    Sat   Temp
       Size     U                                         ft3    Cut                 Err
  No.  days  IT T  days   yy/mm/dd  bbl/d  ft3/d  bbl/d   /bbl    %   ft3/d  bbl/d    %    psi    w/o/g  deg F
 ---- ------ -- - ------ ---------- ------ ------ ------ ------ ----- ------ ------ ----- ------ ------- ------
  201 .3757   2   106.2  1979/04/03 22.26  3945   19.21  177.2  46.32        100.0  97e-5 2.056  0.0002w .6175 
  202 .3763   2   106.5  1979/04/04 22.22  3930   19.18  176.9  46.33        100.0  97e-5 2.068  0.0002w .6175 
  203 .3770   2   106.9  1979/04/04 22.19  3916   19.15  176.5  46.33        100.0  97e-5 2.078  0.0002w .6175 
  204 .3776   2   107.3  1979/04/04 22.15  3901   19.12  176.1  46.33        100.0  97e-5 2.089  0.0002w .6175 
  205 .3783   2   107.7  1979/04/05 22.11  3887   19.09  175.8  46.33        100.0  98e-5 2.099  0.0002w .6174 
  206 .3790   2   108.0  1979/04/05 22.08  3872   19.06  175.4  46.33        100.0  98e-5 2.108  0.0002w .6174 
  207 .7592   7   108.8  1979/04/06 22.00  4016   18.99  182.5  46.32        100.0  98e-5 8.145  0.0004w 1.349 
  208 .2171   1   109.0  1979/04/06 21.98  2997   18.97  136.3  46.32        100.0  98e-5 -6.35  -.0002o .3428 
  209 .2321   1   109.2  1979/04/06 21.96  3828   18.94  174.3  46.31        100.0  98e-5 3.003  0.0002w .3925 
  210 .2451   1   109.5  1979/04/06 21.94  3838   18.92  174.9  46.31        100.0  98e-5 -2.58  -.0001o .3958 
  211 .2587   2   109.8  1979/04/07 21.92  3826   18.90  174.5  46.30        100.0  98e-5 1.609  0.0001w .4145 
  212 .5435   7   110.3  1979/04/07 21.87  3961   18.85  181.1  46.29        100.0  98e-5 8.079  0.0003w .9622 
  213 .1682   1   110.5  1979/04/07 21.85  3065   18.83  140.3  46.28        100.0  98e-5 -5.97  -.0002o .2621 
  214 .1834   1   110.6  1979/04/08 21.84  3780   18.81  173.1  46.28        100.0  98e-5 -2.81  0.0001w .3109 
  215 .1976   1   110.8  1979/04/08 21.82  3793   18.79  173.8  46.27        100.0  98e-5 -2.68  -.0001o .3172 
  216 .2126   2   111.1  1979/04/08 21.80  3783   18.77  173.5  46.27        100.0  98e-5 1.438  0.0001w .3378 
  217 .4550   7   111.5  1979/04/09 21.76  3914   18.73  179.8  46.25        100.0  98e-5 7.844  0.0002w .8070 
  218 .1456   1   111.7  1979/04/09 21.75  3081   18.71  141.6  46.25        100.0  98e-5 -5.70  -.0001o .2250 
  219 .3205   1   112.0  1979/04/09 21.72  3886   18.68  178.9  46.23        100.0  98e-5 3.505  0.0002w .5382 
  220 .3270   1   112.3  1979/04/09 21.70  3724   18.65  171.7  46.22        100.0  98e-5 2.778  -.0002o .5155 
1

                                 S T A R S   T I M E   S T E P   S U M M A R Y
                                              STARS Test Bed No. 7
                                    Fourth SPE Comparative Solution Project
                                     Problem 2A:  Steam Flood with Dead Oil
 ==============================================================================================================
 ---Time Step---- ------Time------- ------------Production----------- --Injection--  Mat  ---Maximum Changes---
                C                    Oil    Gas   Water   GOR    Wat.  Gas   Water   Bal   Pres    Sat   Temp
       Size     U                                         ft3    Cut                 Err
  No.  days  IT T  days   yy/mm/dd  bbl/d  ft3/d  bbl/d   /bbl    %   ft3/d  bbl/d    %    psi    w/o/g  deg F
 ---- ------ -- - ------ ---------- ------ ------ ------ ------ ----- ------ ------ ----- ------ ------- ------
  221 .3354   2   112.6  1979/04/10 21.67  3709   18.61  171.2  46.21        100.0  98e-5 2.000  0.0002w .5295 
  222 .6858   7   113.3  1979/04/10 21.61  3834   18.55  177.4  46.18        100.0  98e-5 8.141  0.0003w 1.199 
  223 .2021   1   113.5  1979/04/11 21.60  2957   18.53  136.9  46.17        100.0  98e-5 -6.18  -.0002o .3106 
  224 .4355   7   114.0  1979/04/11 21.56  3807   18.48  176.6  46.15        100.0  98e-5 6.531  0.0002w .7667 
  225 .4218   1   114.4  1979/04/11 21.53  3635   18.44  168.8  46.13        100.0  99e-5 -6.47  -.0003o .6535 
  226 .4191   7   114.8  1979/04/12 21.50  3624   18.40  168.6  46.11        100.0  99e-5 6.901  0.0002w .7367 
  227 .4087   1   115.2  1979/04/12 21.47  3606   18.36  168.0  46.09        100.0  99e-5 -6.24  -.0003o .6308 
  228 .8162   7   116.0  1979/04/13 21.41  3728   18.27  174.1  46.05        100.0  99e-5 7.459  0.0004w 1.412 
  229 1.384   7   117.4  1979/04/14 21.31  3654   18.14  171.5  45.98        100.0  99e-5 8.580  -.0007o 2.133 
  230 1.029   7   118.4  1979/04/15 21.24  3415   18.04  160.8  45.92        100.0  99e-5 7.543  0.0005w 1.755 
  231 1.635   7   120.1  1979/04/17 21.14  3557   17.88  168.3  45.83        100.0  99e-5 9.899  0.0008w 2.487 
  232 1.147   7   121.2  1979/04/18 21.06  3323   17.78  157.7  45.77        100.0  99e-5 7.448  0.0006w 1.926 
  233 1.768   7   123.0  1979/04/20 20.96  3469   17.62  165.5  45.68        100.0  99e-5 10.41  0.0009w 2.645 
  234 1.210   7   124.2  1979/04/21 20.89  3248   17.52  155.5  45.61        100.0  99e-5 7.095  0.0006w 2.001 
  235 1.841   7   126.0  1979/04/23 20.79  3392   17.37  163.1  45.52        100.0  10e-4 10.51  0.0009w 2.704 
  236 1.248   7   127.3  1979/04/24 20.72  3187   17.27  153.8  45.46        100.0  10e-4 6.775  0.0006w 2.031 
  237 1.889   7   129.2  1979/04/26 20.63  3323   17.13  161.1  45.37        100.0  10e-4 10.43  0.0009w 2.721 
  238 1.277   7   130.5  1979/04/27 20.57  3133   17.04  152.3  45.31        100.0  10e-4 6.538  0.0006w 2.045 
  239 1.928   7   132.4  1979/04/29 20.48  3262   16.90  159.3  45.22        100.0  10e-4 10.26  0.0009w 2.721 
  240 1.303   7   133.7  1979/05/01 20.42  3085   16.81  151.1  45.16        100.0  10e-4 6.391  0.0006w 2.053 
1

                                 S T A R S   T I M E   S T E P   S U M M A R Y
                                              STARS Test Bed No. 7
                                    Fourth SPE Comparative Solution Project
                                     Problem 2A:  Steam Flood with Dead Oil
 ==============================================================================================================
 ---Time Step---- ------Time------- ------------Production----------- --Injection--  Mat  ---Maximum Changes---
                C                    Oil    Gas   Water   GOR    Wat.  Gas   Water   Bal   Pres    Sat   Temp
       Size     U                                         ft3    Cut                 Err
  No.  days  IT T  days   yy/mm/dd  bbl/d  ft3/d  bbl/d   /bbl    %   ft3/d  bbl/d    %    psi    w/o/g  deg F
 ---- ------ -- - ------ ---------- ------ ------ ------ ------ ----- ------ ------ ----- ------ ------- ------
  241 .3276   7   134.0  1979/05/01 20.40  2620   16.79  128.4  45.15        100.0  10e-4 -5.14  -.0002o .4503 
  242 .3412   7   134.4  1979/05/01 20.38  3167   16.77  155.4  45.13        100.0  10e-4 4.960  0.0002w .5458 
  243 .1158   1   134.5  1979/05/01 20.38  2822   16.76  138.5  45.13        100.0  10e-4 -4.17  -.0001o .1568 
  244 .2594   7   134.7  1979/05/02 20.37  3257   16.74  159.9  45.12        100.0  10e-4 4.326  0.0001w .4169 
  245 9.0e-2  1   134.8  1979/05/02 20.37  2843   16.74  139.6  45.11        100.0  10e-4 -3.97  -.0001o .1221 
  246 .1026   1   134.9  1979/05/02 20.36  3165   16.73  155.5  45.11        100.0  10e-4 3.534  0.0000w .1710 
  247 .2289   1   135.2  1979/05/02 20.35  3257   16.72  160.1  45.10        100.0  10e-4 -4.09  -.0001o .3123 
  248 8.2e-2  1   135.2  1979/05/02 20.35  2851   16.71  140.1  45.10        100.0  10e-4 3.713  0.0000w .1392 
  249 .1849   1   135.4  1979/05/02 20.34  3243   16.70  159.5  45.09        100.0  10e-4 -3.53  -.0001o .2524 
  250 6.7e-2  1   135.5  1979/05/02 20.34  2863   16.70  140.8  45.08        100.0  10e-4 3.501  0.0000g .1154 
  251 .1525   1   135.6  1979/05/03 20.33  3238   16.68  159.3  45.08        100.0  10e-4 -3.27  -.0001o .2077 
  252 .1686   3   135.8  1979/05/03 20.32  3167   16.67  155.9  45.07        100.0  10e-4 4.327  0.0001w .2729 
  253 .3667  11   136.2  1979/05/03 20.31  3237   16.65  159.4  45.05        100.0  13e-4 -4.37  -.0002o .4983 
  254 .3776   7   136.6  1979/05/04 20.29  3142   16.63  154.8  45.04        100.0  13e-4 4.238  0.0002w .5981 
  255 .1266   1   136.7  1979/05/04 20.28  2792   16.62  137.6  45.04        100.0  13e-4 -3.71  -.0001o .1702 
  256 .1413   1   136.8  1979/05/04 20.28  3138   16.61  154.7  45.03        100.0  13e-4 3.826  0.0001w .2279 
  257 .3109  11   137.1  1979/05/04 20.26  3223   16.59  159.1  45.02        100.0  18e-4 -4.50  -.0002o .4192 
  258 .6525   7   137.8  1979/05/05 20.24  3210   16.55  158.6  44.99        100.0  18e-4 4.366  0.0003w 1.018 
  259 1.197  11   139.0  1979/05/06 20.19  3179   16.48  157.5  44.94        100.0  20e-4 5.860  0.0005w 1.874 
  260 .9315  11   139.9  1979/05/07 20.15  3040   16.43  150.9  44.91        100.0  22e-4 5.035  0.0004w 1.400 
1

                                 S T A R S   T I M E   S T E P   S U M M A R Y
                                              STARS Test Bed No. 7
                                    Fourth SPE Comparative Solution Project
                                     Problem 2A:  Steam Flood with Dead Oil
 ==============================================================================================================
 ---Time Step---- ------Time------- ------------Production----------- --Injection--  Mat  ---Maximum Changes---
                C                    Oil    Gas   Water   GOR    Wat.  Gas   Water   Bal   Pres    Sat   Temp
       Size     U                                         ft3    Cut                 Err
  No.  days  IT T  days   yy/mm/dd  bbl/d  ft3/d  bbl/d   /bbl    %   ft3/d  bbl/d    %    psi    w/o/g  deg F
 ---- ------ -- - ------ ---------- ------ ------ ------ ------ ----- ------ ------ ----- ------ ------- ------
  261 .7914   7   140.7  1979/05/08 20.12  3049   16.38  151.5  44.88        100.0  22e-4 4.830  0.0004w 1.055 
  262 6.0e-2  1   140.8  1979/05/08 20.12  1641   16.38  81.56  44.88        100.0  23e-4 6.722  0.0000g 9.9e-2
  263 .1341   2   140.9  1979/05/08 20.10  3109   16.36  154.6  44.87        100.0  23e-4 9.866  0.0001w .2105 
  264 .1468   1   141.0  1979/05/08 20.11  3099   16.36  154.1  44.87        100.0  23e-4 -8.21  -.0001o .1910 
  265 .1624   1   141.2  1979/05/08 20.10  3090   16.35  153.7  44.86        100.0  23e-4 9.974  -.0001g .2611 
  266 .1771   1   141.4  1979/05/08 20.09  3086   16.34  153.6  44.85        100.0  23e-4 -8.57  -.0001o .2277 
  267 .1948   1   141.6  1979/05/09 20.08  3085   16.33  153.6  44.85        100.0  23e-4 9.794  0.0001w .3100 
  268 .2099   1   141.8  1979/05/09 20.08  3079   16.32  153.4  44.84        100.0  23e-4 -9.10  -.0001o .2692 
  269 .2285   1   142.0  1979/05/09 20.07  3078   16.31  153.4  44.83        100.0  23e-4 10.22  0.0001w .3607 
  270 .2432   2   142.3  1979/05/09 20.06  3071   16.29  153.1  44.82        100.0  23e-4 2.192  0.0001w .3719 
  271 8.6e-2  1   142.4  1979/05/09 20.06  2777   16.29  138.5  44.82        100.0  23e-4 -8.34  -.0001o .1060 
  272 .1902   1   142.5  1979/05/10 20.05  3138   16.28  156.5  44.81        100.0  23e-4 7.414  0.0001w .2990 
  273 .2055   1   142.7  1979/05/10 20.04  3070   16.27  153.2  44.80        100.0  23e-4 -9.60  -.0001o .2602 
  274 .2242   1   143.0  1979/05/10 20.03  3066   16.26  153.1  44.80        100.0  23e-4 9.867  0.0001w .3516 
  275 7.9e-2  1   143.1  1979/05/10 20.03  2775   16.25  138.6  44.79        100.0  23e-4 -7.10  -.0001o 9.9e-2
  276 .1776   1   143.2  1979/05/10 20.02  3129   16.24  156.3  44.79        100.0  23e-4 7.672  0.0001w .2791 
  277 6.4e-2  1   143.3  1979/05/10 20.02  2792   16.24  139.5  44.79        100.0  23e-4 -6.57  -.0001o 7.9e-2
  278 .1437   1   143.4  1979/05/10 20.01  3125   16.23  156.1  44.78        100.0  23e-4 6.763  0.0001w .2268 
  279 5.2e-2  1   143.5  1979/05/10 20.01  2801   16.23  140.0  44.78        100.0  23e-4 -5.94  -.0001o 6.4e-2
  280 .1183   1   143.6  1979/05/11 20.01  3121   16.22  156.0  44.77        100.0  23e-4 6.050  0.0000w .1877 
1

                                 S T A R S   T I M E   S T E P   S U M M A R Y
                                              STARS Test Bed No. 7
                                    Fourth SPE Comparative Solution Project
                                     Problem 2A:  Steam Flood with Dead Oil
 ==============================================================================================================
 ---Time Step---- ------Time------- ------------Production----------- --Injection--  Mat  ---Maximum Changes---
                C                    Oil    Gas   Water   GOR    Wat.  Gas   Water   Bal   Pres    Sat   Temp
       Size     U                                         ft3    Cut                 Err
  No.  days  IT T  days   yy/mm/dd  bbl/d  ft3/d  bbl/d   /bbl    %   ft3/d  bbl/d    %    psi    w/o/g  deg F
 ---- ------ -- - ------ ---------- ------ ------ ------ ------ ----- ------ ------ ----- ------ ------- ------
  281 4.3e-2  1 2 143.7  1979/05/11 20.01  2809   16.22  140.4  44.77        100.0  23e-4 -5.36  0.0000o 5.3e-2
  282 4.9e-2  2 1 143.7  1979/05/11 20.00  3039   16.22  151.9  44.77        100.0  23e-4 -2.94  0.0000o 6.1e-2
  283 1.8e-2  2 2 143.7  1979/05/11 20.00  2838   16.22  141.9  44.77        100.0  23e-4 4.398  0.0000o 3.8e-2
  284 4.2e-2  1   143.8  1979/05/11 20.00  3104   16.21  155.2  44.77        100.0  23e-4 4.919  0.0000o 4.9e-2
  285 9.6e-2  2   143.9  1979/05/11 20.00  3132   16.21  156.6  44.77        100.0  23e-4 4.097  0.0000g .1581 
  286 3.5e-2  1 2 143.9  1979/05/11 20.00  2814   16.21  140.7  44.77        100.0  23e-4 -5.04  0.0000o 4.5e-2
  287 8.1e-2  1   144.0  1979/05/11 19.99  3112   16.20  155.7  44.76        100.0  23e-4 4.685  0.0000g .1318 
  288 3.0e-2  1 2 144.0  1979/05/11 19.99  2824   16.20  141.2  44.76        100.0  24e-4 -4.26  0.0000o 3.7e-2
  289 3.4e-2  2 1 144.0  1979/05/11 19.99  3029   16.20  151.5  44.76        100.0  24e-4 -2.68  0.0000o 4.2e-2
  290 3.9e-2  2 1 144.1  1979/05/11 19.99  3060   16.20  153.1  44.76        100.0  24e-4 -1.74  0.0000o 4.9e-2
  291 9.1e-2  2   144.2  1979/05/11 19.99  3127   16.19  156.4  44.75        100.0  24e-4 1.817  0.0001w .1444 
  292 .2052   1   144.4  1979/05/11 19.98  3126   16.18  156.4  44.75        100.0  24e-4 10.35  0.0001w .3182 
  293 7.3e-2  1 2 144.4  1979/05/11 19.98  2774   16.18  138.9  44.75        100.0  24e-4 -6.59  -.0001o 9.0e-2
  294 8.2e-2  2 1 144.5  1979/05/12 19.97  3036   16.17  152.0  44.74        100.0  24e-4 -2.41  0.0000w .1296 
  295 .1854   1   144.7  1979/05/12 19.97  3120   16.16  156.3  44.74        100.0  24e-4 9.459  0.0001w .2870 
  296 .2009   2 1 144.9  1979/05/12 19.96  3045   16.15  152.6  44.73        100.0  24e-4 2.475  0.0001w .3036 
  297 .2169   2 1 145.1  1979/05/12 19.95  3040   16.14  152.4  44.72        100.0  24e-4 1.309  0.0001w .3252 
  298 .2328   2 1 145.4  1979/05/12 19.94  3037   16.13  152.3  44.72        100.0  24e-4 .9900  0.0001w .3473 
  299 .2486   2 1 145.6  1979/05/13 19.93  3033   16.12  152.2  44.71        100.0  24e-4 1.054  0.0001w .3696 
  300 .2640   2 1 145.9  1979/05/13 19.92  3030   16.10  152.1  44.70        100.0  24e-4 1.115  0.0001w .3916 
1

                                 S T A R S   T I M E   S T E P   S U M M A R Y
                                              STARS Test Bed No. 7
                                    Fourth SPE Comparative Solution Project
                                     Problem 2A:  Steam Flood with Dead Oil
 ==============================================================================================================
 ---Time Step---- ------Time------- ------------Production----------- --Injection--  Mat  ---Maximum Changes---
                C                    Oil    Gas   Water   GOR    Wat.  Gas   Water   Bal   Pres    Sat   Temp
       Size     U                                         ft3    Cut                 Err
  No.  days  IT T  days   yy/mm/dd  bbl/d  ft3/d  bbl/d   /bbl    %   ft3/d  bbl/d    %    psi    w/o/g  deg F
 ---- ------ -- - ------ ---------- ------ ------ ------ ------ ----- ------ ------ ----- ------ ------- ------
  301 .2789   2 1 146.2  1979/05/13 19.91  3026   16.09  152.0  44.69        100.0  24e-4 1.173  0.0001w .4127 
  302 9.7e-2  1 2 146.3  1979/05/13 19.91  2743   16.08  137.8  44.69        100.0  24e-4 -7.17  -.0001o .1211 
  303 .2176   1   146.5  1979/05/13 19.90  3092   16.07  155.4  44.68        100.0  24e-4 6.504  0.0001w .3289 
  304 .2334   2 1 146.7  1979/05/14 19.89  3025   16.06  152.1  44.67        100.0  24e-4 1.260  0.0001w .3450 
  305 .2493   2 1 147.0  1979/05/14 19.88  3019   16.05  151.8  44.66        100.0  24e-4 1.037  0.0001w .3673 
  306 .2650   2 1 147.2  1979/05/14 19.87  3016   16.04  151.7  44.66        100.0  24e-4 1.097  0.0001w .3892 
  307 .2800   2 1 147.5  1979/05/15 19.86  3012   16.02  151.6  44.65        100.0  24e-4 1.155  0.0001w .4104 
  308 .2945   2 1 147.8  1979/05/15 19.85  3009   16.01  151.5  44.64        100.0  24e-4 1.210  0.0001w .4306 
  309 .1027   1 2 147.9  1979/05/15 19.85  2729   16.00  137.5  44.64        100.0  24e-4 -7.18  -.0001o .1261 
  310 .2288   1   148.1  1979/05/15 19.84  3074   15.99  154.9  44.63        100.0  24e-4 6.576  0.0001w .3412 
  311 .2446   2 1 148.4  1979/05/15 19.83  3007   15.98  151.6  44.62        100.0  24e-4 1.424  0.0001w .3575 
  312 8.6e-2  1 2 148.5  1979/05/15 19.83  2735   15.98  137.9  44.62        100.0  24e-4 8.836  0.0000o .1096 
  313 .1914   1   148.7  1979/05/16 19.82  3066   15.97  154.7  44.61        100.0  24e-4 6.642  0.0001w .2848 
  314 .2075   3 1 148.9  1979/05/16 19.82  3005   15.96  151.6  44.61        100.0  24e-4 8.951  0.0001w .2631 
  315 .4525   7   149.3  1979/05/16 19.80  3067   15.94  154.9  44.59        100.0  24e-4 9.358  -.0002o .5403 
  316 .9228   6   150.2  1979/05/17 19.77  3053   15.89  154.4  44.57        100.0  24e-4 3.885  0.0004w 1.105 
  317 1.663   7   151.9  1979/05/19 19.71  3027   15.82  153.5  44.52        100.0  24e-4 6.802  0.0006w 2.305 
  318 2.403   9   154.3  1979/05/21 19.64  2985   15.72  152.0  44.46        100.0  24e-4 9.756  0.0009w 3.261 
  319 2.999  12   157.3  1979/05/24 19.54  2944   15.59  150.7  44.38        100.0  24e-4 12.01  0.0011w 3.890 
  320 3.435   9   160.7  1979/05/28 19.44  2908   15.46  149.6  44.31        100.0  24e-4 13.45  0.0012w 4.414 
1

                                 S T A R S   T I M E   S T E P   S U M M A R Y
                                              STARS Test Bed No. 7
                                    Fourth SPE Comparative Solution Project
                                     Problem 2A:  Steam Flood with Dead Oil
 ==============================================================================================================
 ---Time Step---- ------Time------- ------------Production----------- --Injection--  Mat  ---Maximum Changes---
                C                    Oil    Gas   Water   GOR    Wat.  Gas   Water   Bal   Pres    Sat   Temp
       Size     U                                         ft3    Cut                 Err
  No.  days  IT T  days   yy/mm/dd  bbl/d  ft3/d  bbl/d   /bbl    %   ft3/d  bbl/d    %    psi    w/o/g  deg F
 ---- ------ -- - ------ ---------- ------ ------ ------ ------ ----- ------ ------ ----- ------ ------- ------
  321 .6136   2 2 161.3  1979/05/28 19.42  2279   15.44  117.4  44.29        100.0  24e-4 5.317  0.0002w .6806 
  322 .2020   1 2 161.6  1979/05/29 19.41  2606   15.43  134.3  44.29        100.0  24e-4 -4.04  0.0001w .2614 
  323 7.3e-2  1 2 161.6  1979/05/29 19.41  2654   15.43  136.8  44.29        100.0  24e-4 -6.02  0.0000w 9.8e-2
  324 .1647   1   161.8  1979/05/29 19.40  2951   15.42  152.1  44.28        100.0  24e-4 5.424  0.0001w .2088 
  325 .1820   2 1 162.0  1979/05/29 19.40  2899   15.41  149.4  44.28        100.0  24e-4 .9384  0.0001w .2324 
  326 6.6e-2  1 2 162.0  1979/05/29 19.40  2669   15.41  137.6  44.28        100.0  24e-4 -5.79  0.0000w 8.9e-2
  327 .1498   1   162.2  1979/05/29 19.39  2947   15.41  152.0  44.27        100.0  24e-4 5.253  0.0001w .1892 
  328 .1663   2 1 162.4  1979/05/29 19.39  2897   15.40  149.4  44.27        100.0  24e-4 .9743  0.0001w .2117 
  329 .1837   2 1 162.5  1979/05/30 19.38  2893   15.39  149.2  44.26        100.0  24e-4 .7081  0.0001w .2336 
  330 6.7e-2  1 2 162.6  1979/05/30 19.38  2666   15.39  137.6  44.26        100.0  24e-4 -5.85  0.0000w 8.9e-2
  331 .1510   1   162.8  1979/05/30 19.37  2943   15.38  151.9  44.26        100.0  24e-4 5.234  0.0001w .1898 
  332 .1677   2 1 162.9  1979/05/30 19.37  2893   15.38  149.3  44.26        100.0  24e-4 .9617  0.0001w .2124 
  333 .1852   2 1 163.1  1979/05/30 19.37  2888   15.37  149.2  44.25        100.0  24e-4 .7097  0.0001w .2344 
  334 .2033   2 1 163.3  1979/05/30 19.36  2886   15.36  149.1  44.25        100.0  24e-4 .7778  0.0001w .2568 
  335 7.3e-2  1 2 163.4  1979/05/30 19.36  2659   15.36  137.4  44.25        100.0  24e-4 -6.06  0.0000w 9.8e-2
  336 .1659   1   163.6  1979/05/31 19.35  2937   15.35  151.8  44.24        100.0  24e-4 5.451  0.0001w .2073 
  337 .1835   2 1 163.7  1979/05/31 19.35  2886   15.35  149.2  44.24        100.0  24e-4 .9552  0.0001w .2309 
  338 .2016   2 1 163.9  1979/05/31 19.34  2882   15.34  149.0  44.23        100.0  24e-4 .7706  0.0001w .2534 
  339 7.3e-2  1 2 164.0  1979/05/31 19.34  2656   15.34  137.3  44.23        100.0  24e-4 -6.03  0.0000w 9.7e-2
  340 .1648   1   164.2  1979/05/31 19.33  2932   15.33  151.7  44.23        100.0  24e-4 5.437  0.0001w .2048 
1

                                 S T A R S   T I M E   S T E P   S U M M A R Y
                                              STARS Test Bed No. 7
                                    Fourth SPE Comparative Solution Project
                                     Problem 2A:  Steam Flood with Dead Oil
 ==============================================================================================================
 ---Time Step---- ------Time------- ------------Production----------- --Injection--  Mat  ---Maximum Changes---
                C                    Oil    Gas   Water   GOR    Wat.  Gas   Water   Bal   Pres    Sat   Temp
       Size     U                                         ft3    Cut                 Err
  No.  days  IT T  days   yy/mm/dd  bbl/d  ft3/d  bbl/d   /bbl    %   ft3/d  bbl/d    %    psi    w/o/g  deg F
 ---- ------ -- - ------ ---------- ------ ------ ------ ------ ----- ------ ------ ----- ------ ------- ------
  341 .1823   2 1 164.4  1979/05/31 19.33  2882   15.33  149.1  44.23        100.0  24e-4 .9590  0.0001w .2282 
  342 .2004   2 1 164.6  1979/06/01 19.32  2878   15.32  148.9  44.22        100.0  24e-4 .7677  0.0001w .2507 
  343 .2192   2 1 164.8  1979/06/01 19.32  2875   15.31  148.9  44.22        100.0  24e-4 .8401  0.0001w .2735 
  344 7.9e-2  1 2 164.9  1979/06/01 19.31  2649   15.31  137.2  44.22        100.0  24e-4 -6.20  0.0000w .1042 
  345 .1780   1   165.0  1979/06/01 19.31  2926   15.30  151.6  44.21        100.0  24e-4 5.610  0.0001w .2198 
  346 .1962   2 1 165.2  1979/06/01 19.30  2875   15.29  148.9  44.21        100.0  24e-4 .9533  0.0001w .2439 
  347 .2149   2 1 165.4  1979/06/01 19.30  2871   15.29  148.8  44.20        100.0  24e-4 .8253  0.0001w .2668 
  348 7.8e-2  1 2 165.5  1979/06/02 19.29  2646   15.28  137.2  44.20        100.0  24e-4 -6.14  0.0000w .1019 
  349 .1749   1   165.7  1979/06/02 19.29  2921   15.28  151.4  44.20        100.0  24e-4 5.568  0.0001w .2148 
  350 .1930   2 1 165.9  1979/06/02 19.28  2871   15.27  148.9  44.19        100.0  24e-4 .9561  0.0001w .2386 
  351 .2117   2 1 166.1  1979/06/02 19.28  2866   15.26  148.7  44.19        100.0  24e-4 .8143  0.0001w .2614 
  352 .2309   2 1 166.3  1979/06/02 19.27  2864   15.26  148.6  44.18        100.0  24e-4 .8885  0.0001w .2844 
  353 8.3e-2  1 2 166.4  1979/06/02 19.27  2640   15.25  137.0  44.18        100.0  24e-4 -6.28  0.0000w .1081 
  354 .1869   1   166.6  1979/06/03 19.26  2915   15.25  151.3  44.18        100.0  24e-4 5.709  0.0001w .2278 
  355 .2056   2 1 166.8  1979/06/03 19.26  2864   15.24  148.7  44.18        100.0  24e-4 .9490  0.0001w .2522 
  356 .2247   2 1 167.0  1979/06/03 19.25  2860   15.23  148.5  44.17        100.0  24e-4 .8660  0.0001w .2753 
  357 .2442   2 1 167.3  1979/06/03 19.24  2857   15.22  148.5  44.17        100.0  24e-4 .9415  0.0001w .2985 
  358 8.7e-2  1 2 167.4  1979/06/03 19.24  2633   15.22  136.8  44.16        100.0  24e-4 -6.38  0.0000w .1131 
  359 .1969   1   167.6  1979/06/04 19.24  2908   15.21  151.2  44.16        100.0  24e-4 5.824  0.0001w .2382 
  360 .2160   2 1 167.8  1979/06/04 19.23  2857   15.21  148.6  44.16        100.0  24e-4 .9482  0.0001w .2629 
1

                                 S T A R S   T I M E   S T E P   S U M M A R Y
                                              STARS Test Bed No. 7
                                    Fourth SPE Comparative Solution Project
                                     Problem 2A:  Steam Flood with Dead Oil
 ==============================================================================================================
 ---Time Step---- ------Time------- ------------Production----------- --Injection--  Mat  ---Maximum Changes---
                C                    Oil    Gas   Water   GOR    Wat.  Gas   Water   Bal   Pres    Sat   Temp
       Size     U                                         ft3    Cut                 Err
  No.  days  IT T  days   yy/mm/dd  bbl/d  ft3/d  bbl/d   /bbl    %   ft3/d  bbl/d    %    psi    w/o/g  deg F
 ---- ------ -- - ------ ---------- ------ ------ ------ ------ ----- ------ ------ ----- ------ ------- ------
  361 .2355   2 1 168.0  1979/06/04 19.22  2853   15.20  148.4  44.15        100.0  24e-4 .9085  0.0001w .2861 
  362 8.5e-2  1 2 168.1  1979/06/04 19.22  2631   15.20  136.9  44.15        100.0  24e-4 -6.29  0.0000w .1089 
  363 .1906   1   168.3  1979/06/04 19.22  2903   15.19  151.1  44.15        100.0  24e-4 5.743  0.0001w .2291 
  364 .2095   2 1 168.5  1979/06/05 19.21  2853   15.18  148.5  44.14        100.0  24e-4 .9495  0.0001w .2535 
  365 .2290   2 1 168.7  1979/06/05 19.20  2848   15.17  148.3  44.14        100.0  24e-4 .9114  0.0001w .2765 
  366 .2488   2 1 169.0  1979/06/05 19.20  2846   15.17  148.3  44.13        100.0  24e-4 .9897  0.0001w .2997 
  367 .2688   4 1 169.2  1979/06/05 19.19  2844   15.16  148.2  44.13        100.0  24e-4 1.069  0.0001w .3230 
  368 9.6e-2  1 2 169.3  1979/06/05 19.19  2621   15.15  136.6  44.13        100.0  24e-4 -6.52  0.0000w .1182 
  369 .2152   1   169.6  1979/06/06 19.18  2895   15.15  150.9  44.12        100.0  24e-4 6.249  0.0001w .2554 
  370 .2350   2 1 169.8  1979/06/06 19.17  2843   15.14  148.3  44.12        100.0  24e-4 .9335  0.0001w .2809 
  371 .2551   2 1 170.0  1979/06/06 19.17  2839   15.13  148.1  44.11        100.0  24e-4 1.013  0.0001w .3045 
  372 9.1e-2  1 2 170.1  1979/06/06 19.16  2619   15.13  136.6  44.11        100.0  24e-4 -7.15  0.0000w .1153 
  373 .1022   1 1 170.2  1979/06/06 19.16  2830   15.12  147.7  44.11        100.0  24e-4 -8.03  0.0000w .1251 
  374 .1131   1 1 170.4  1979/06/06 19.16  2840   15.12  148.2  44.11        100.0  24e-4 -6.38  0.0000w .1438 
  375 .1266   1 1 170.5  1979/06/06 19.16  2840   15.12  148.2  44.11        100.0  24e-4 -6.95  0.0000w .1544 
  376 .1412   1 1 170.6  1979/06/07 19.15  2838   15.11  148.2  44.10        100.0  24e-4 7.022  0.0001w .1791 
  377 .1572   1 1 170.8  1979/06/07 19.15  2837   15.11  148.2  44.10        100.0  24e-4 -7.14  0.0001w .1918 
  378 .1745   1 1 171.0  1979/06/07 19.14  2836   15.10  148.1  44.10        100.0  24e-4 7.534  0.0001w .2208 
  379 .1922   1 1 171.1  1979/06/07 19.14  2834   15.09  148.1  44.09        100.0  24e-4 7.507  0.0001w .2342 
  380 7.0e-2  1 2 171.2  1979/06/07 19.14  2622   15.09  137.0  44.09        100.0  24e-4 6.498  0.0000w 8.9e-2
1

                                 S T A R S   T I M E   S T E P   S U M M A R Y
                                              STARS Test Bed No. 7
                                    Fourth SPE Comparative Solution Project
                                     Problem 2A:  Steam Flood with Dead Oil
 ==============================================================================================================
 ---Time Step---- ------Time------- ------------Production----------- --Injection--  Mat  ---Maximum Changes---
                C                    Oil    Gas   Water   GOR    Wat.  Gas   Water   Bal   Pres    Sat   Temp
       Size     U                                         ft3    Cut                 Err
  No.  days  IT T  days   yy/mm/dd  bbl/d  ft3/d  bbl/d   /bbl    %   ft3/d  bbl/d    %    psi    w/o/g  deg F
 ---- ------ -- - ------ ---------- ------ ------ ------ ------ ----- ------ ------ ----- ------ ------- ------
  381 .1574   1   171.4  1979/06/07 19.13  2881   15.09  150.6  44.09        100.0  24e-4 5.931  0.0001w .1910 
  382 .1747   1 1 171.5  1979/06/08 19.13  2834   15.08  148.2  44.09        100.0  24e-4 7.357  0.0001w .2202 
  383 .1925   1 1 171.7  1979/06/08 19.12  2830   15.08  148.0  44.08        100.0  24e-4 7.482  0.0001w .2333 
  384 7.0e-2  1 2 171.8  1979/06/08 19.12  2619   15.07  137.0  44.08        100.0  24e-4 6.479  0.0000w 8.8e-2
  385 .1577   1   172.0  1979/06/08 19.11  2877   15.07  150.5  44.08        100.0  24e-4 5.925  0.0001w .1903 
  386 .1750   1 1 172.1  1979/06/08 19.11  2830   15.06  148.1  44.08        100.0  24e-4 7.326  0.0001w .2196 
  387 .1929   1 1 172.3  1979/06/08 19.11  2826   15.06  147.9  44.07        100.0  24e-4 7.466  0.0001w .2326 
  388 7.0e-2  1 2 172.4  1979/06/08 19.10  2617   15.05  137.0  44.07        100.0  24e-4 6.459  0.0000w 8.8e-2
  389 .1580   1   172.6  1979/06/09 19.10  2873   15.05  150.4  44.07        100.0  24e-4 5.911  0.0001w .1898 
  390 .1755   1 1 172.7  1979/06/09 19.09  2827   15.04  148.0  44.07        100.0  24e-4 7.285  0.0001w .2191 
  391 .1934   1 1 172.9  1979/06/09 19.09  2822   15.04  147.9  44.06        100.0  24e-4 7.452  0.0001w .2320 
  392 7.0e-2  1 2 173.0  1979/06/09 19.09  2614   15.04  136.9  44.06        100.0  24e-4 6.438  0.0000w 8.8e-2
  393 .1585   1   173.2  1979/06/09 19.08  2869   15.03  150.3  44.06        100.0  24e-4 5.900  0.0001w .1893 
  394 .1760   1 1 173.3  1979/06/09 19.08  2823   15.03  148.0  44.06        100.0  24e-4 7.216  0.0001w .2187 
  395 .1940   1 1 173.5  1979/06/10 19.07  2819   15.02  147.8  44.05        100.0  24e-4 7.437  0.0001w .2315 
  396 7.1e-2  1 2 173.6  1979/06/10 19.07  2611   15.02  136.9  44.05        100.0  24e-4 6.419  0.0000w 8.8e-2
  397 .1590   1   173.8  1979/06/10 19.07  2865   15.01  150.2  44.05        100.0  24e-4 5.892  0.0001w .1890 
  398 .1766   1 1 173.9  1979/06/10 19.06  2819   15.01  147.9  44.05        100.0  24e-4 7.183  0.0001w .2184 
  399 .1947   1 1 174.1  1979/06/10 19.06  2815   15.00  147.7  44.05        100.0  24e-4 7.422  0.0001w .2310 
  400 7.1e-2  1 2 174.2  1979/06/10 19.06  2608   15.00  136.9  44.04        100.0  24e-4 6.401  0.0000w 8.8e-2
1

                                 S T A R S   T I M E   S T E P   S U M M A R Y
                                              STARS Test Bed No. 7
                                    Fourth SPE Comparative Solution Project
                                     Problem 2A:  Steam Flood with Dead Oil
 ==============================================================================================================
 ---Time Step---- ------Time------- ------------Production----------- --Injection--  Mat  ---Maximum Changes---
                C                    Oil    Gas   Water   GOR    Wat.  Gas   Water   Bal   Pres    Sat   Temp
       Size     U                                         ft3    Cut                 Err
  No.  days  IT T  days   yy/mm/dd  bbl/d  ft3/d  bbl/d   /bbl    %   ft3/d  bbl/d    %    psi    w/o/g  deg F
 ---- ------ -- - ------ ---------- ------ ------ ------ ------ ----- ------ ------ ----- ------ ------- ------
  401 .1596   1   174.4  1979/06/10 19.05  2861   14.99  150.2  44.04        100.0  24e-4 5.885  0.0001w .1887 
  402 .1773   1 1 174.5  1979/06/11 19.05  2815   14.99  147.8  44.04        100.0  24e-4 7.151  0.0001w .2181 
  403 .1955   1 1 174.7  1979/06/11 19.04  2811   14.98  147.6  44.04        100.0  24e-4 7.407  0.0001w .2307 
  404 7.1e-2  1 2 174.8  1979/06/11 19.04  2605   14.98  136.8  44.04        100.0  24e-4 6.383  0.0000w 8.8e-2
  405 .1603   1   175.0  1979/06/11 19.03  2857   14.98  150.1  44.03        100.0  24e-4 5.878  0.0001w .1884 
  406 .1781   1 1 175.2  1979/06/11 19.03  2811   14.97  147.7  44.03        100.0  24e-4 7.118  0.0001w .2180 
  407 .1963   1 1 175.3  1979/06/11 19.03  2807   14.96  147.6  44.03        100.0  24e-4 7.404  0.0001w .2305 
  408 7.1e-2  1 2 175.4  1979/06/11 19.02  2603   14.96  136.8  44.03        100.0  24e-4 6.668  0.0000w 8.5e-2
  409 .1607   1   175.6  1979/06/12 19.02  2853   14.96  150.0  44.02        100.0  24e-4 6.110  0.0001w .1874 
  410 .1786   2 1 175.8  1979/06/12 19.01  2808   14.95  147.7  44.02        100.0  24e-4 -1.22  0.0001w .2091 
  411 6.5e-2  1 2 175.8  1979/06/12 19.01  2603   14.95  136.9  44.02        100.0  24e-4 7.121  0.0000w 7.7e-2
  412 .1465   1   176.0  1979/06/12 19.01  2850   14.95  149.9  44.02        100.0  24e-4 5.635  0.0001w .1701 
  413 .1635   1 1 176.1  1979/06/12 19.01  2806   14.94  147.6  44.02        100.0  24e-4 7.471  0.0001w .1919 
  414 .1815   1 1 176.3  1979/06/12 19.00  2802   14.94  147.5  44.01        100.0  24e-4 7.329  0.0001w .2103 
  415 6.6e-2  1 2 176.4  1979/06/12 19.00  2601   14.94  136.9  44.01        100.0  24e-4 6.348  0.0000w 7.8e-2
  416 .1496   1   176.5  1979/06/13 18.99  2846   14.93  149.9  44.01        100.0  24e-4 5.805  0.0001w .1728 
  417 .1669   1 1 176.7  1979/06/13 18.99  2803   14.93  147.6  44.01        100.0  24e-4 7.370  0.0001w .1948 
  418 .1851   1 1 176.9  1979/06/13 18.99  2799   14.92  147.4  44.01        100.0  24e-4 -7.34  0.0001w .2134 
  419 6.8e-2  1 2 177.0  1979/06/13 18.98  2598   14.92  136.8  44.00        100.0  24e-4 6.355  0.0000w 7.9e-2
  420 .1524   1   177.1  1979/06/13 18.98  2843   14.91  149.8  44.00        100.0  24e-4 5.859  0.0001w .1752 
1

                                 S T A R S   T I M E   S T E P   S U M M A R Y
                                              STARS Test Bed No. 7
                                    Fourth SPE Comparative Solution Project
                                     Problem 2A:  Steam Flood with Dead Oil
 ==============================================================================================================
 ---Time Step---- ------Time------- ------------Production----------- --Injection--  Mat  ---Maximum Changes---
                C                    Oil    Gas   Water   GOR    Wat.  Gas   Water   Bal   Pres    Sat   Temp
       Size     U                                         ft3    Cut                 Err
  No.  days  IT T  days   yy/mm/dd  bbl/d  ft3/d  bbl/d   /bbl    %   ft3/d  bbl/d    %    psi    w/o/g  deg F
 ---- ------ -- - ------ ---------- ------ ------ ------ ------ ----- ------ ------ ----- ------ ------- ------
  421 .1699   1 1 177.3  1979/06/13 18.98  2799   14.91  147.5  44.00        100.0  24e-4 7.360  0.0001w .1973 
  422 .1883   1 1 177.5  1979/06/13 18.97  2795   14.90  147.3  44.00        100.0  25e-4 -7.35  0.0001w .2161 
  423 6.9e-2  1 2 177.5  1979/06/14 18.97  2595   14.90  136.8  44.00        100.0  25e-4 6.400  0.0000w 8.0e-2
  424 .1549   1   177.7  1979/06/14 18.96  2839   14.90  149.7  43.99        100.0  25e-4 5.974  0.0001w .1779 
  425 .1726   1 1 177.9  1979/06/14 18.96  2795   14.89  147.4  43.99        100.0  25e-4 7.446  0.0001w .2002 
  426 .1911   1 1 178.1  1979/06/14 18.96  2792   14.89  147.3  43.99        100.0  25e-4 7.410  0.0001w .2192 
  427 7.0e-2  1 2 178.1  1979/06/14 18.95  2592   14.89  136.7  43.99        100.0  25e-4 6.457  0.0000w 8.1e-2
  428 .1571   1   178.3  1979/06/14 18.95  2836   14.88  149.6  43.99        100.0  25e-4 6.018  0.0001w .1804 
  429 .1749   1 1 178.5  1979/06/14 18.95  2792   14.88  147.4  43.98        100.0  25e-4 7.519  0.0001w .2028 
  430 .1935   1 1 178.6  1979/06/15 18.94  2788   14.87  147.2  43.98        100.0  25e-4 7.409  0.0001w .2219 
  431 7.1e-2  1 2 178.7  1979/06/15 18.94  2589   14.87  136.7  43.98        100.0  25e-4 6.459  0.0000w 8.2e-2
  432 .1590   1   178.9  1979/06/15 18.93  2832   14.86  149.6  43.98        100.0  25e-4 5.946  0.0001w .1816 
  433 .1769   1 1 179.1  1979/06/15 18.93  2788   14.86  147.3  43.98        100.0  25e-4 7.431  0.0001w .2041 
  434 .1957   1 1 179.2  1979/06/15 18.93  2784   14.85  147.1  43.98        100.0  25e-4 7.344  0.0001w .2233 
  435 7.1e-2  1 2 179.3  1979/06/15 18.92  2586   14.85  136.6  43.97        100.0  25e-4 6.446  0.0000w 8.3e-2
  436 .1607   1   179.5  1979/06/15 18.92  2828   14.85  149.5  43.97        100.0  25e-4 5.922  0.0001w .1828 
  437 .1788   1 1 179.7  1979/06/16 18.91  2784   14.84  147.2  43.97        100.0  25e-4 7.396  0.0001w .2054 
  438 .1977   1 1 179.9  1979/06/16 18.91  2781   14.84  147.0  43.97        100.0  25e-4 -7.33  0.0001w .2245 
  439 7.2e-2  1 2 179.9  1979/06/16 18.91  2583   14.84  136.6  43.97        100.0  25e-4 6.442  0.0000w 8.3e-2
  440 .1623   1   180.1  1979/06/16 18.90  2824   14.83  149.4  43.97        100.0  25e-4 5.915  0.0001w .1838 
1

                                 S T A R S   T I M E   S T E P   S U M M A R Y
                                              STARS Test Bed No. 7
                                    Fourth SPE Comparative Solution Project
                                     Problem 2A:  Steam Flood with Dead Oil
 ==============================================================================================================
 ---Time Step---- ------Time------- ------------Production----------- --Injection--  Mat  ---Maximum Changes---
                C                    Oil    Gas   Water   GOR    Wat.  Gas   Water   Bal   Pres    Sat   Temp
       Size     U                                         ft3    Cut                 Err
  No.  days  IT T  days   yy/mm/dd  bbl/d  ft3/d  bbl/d   /bbl    %   ft3/d  bbl/d    %    psi    w/o/g  deg F
 ---- ------ -- - ------ ---------- ------ ------ ------ ------ ----- ------ ------ ----- ------ ------- ------
  441 .1805   2 1 180.3  1979/06/16 18.90  2781   14.83  147.1  43.96        100.0  25e-4 -1.27  0.0001w .2053 
  442 .1997   2 1 180.5  1979/06/16 18.89  2777   14.82  147.0  43.96        100.0  25e-4 .7342  0.0001w .2265 
  443 7.3e-2  1 2 180.5  1979/06/17 18.89  2580   14.82  136.6  43.96        100.0  25e-4 7.296  0.0000w 8.3e-2
  444 .1630   1   180.7  1979/06/17 18.89  2820   14.82  149.3  43.96        100.0  25e-4 5.755  0.0001w .1836 
  445 .1812   2 1 180.9  1979/06/17 18.88  2777   14.81  147.1  43.96        100.0  25e-4 -1.19  0.0001w .2052 
  446 .2005   2 1 181.1  1979/06/17 18.88  2773   14.81  146.9  43.96        100.0  25e-4 .7377  0.0001w .2263 
  447 7.3e-2  1 2 181.2  1979/06/17 18.88  2577   14.81  136.5  43.95        100.0  25e-4 7.281  0.0000w 8.3e-2
  448 .1636   1   181.3  1979/06/17 18.87  2817   14.80  149.2  43.95        100.0  25e-4 5.753  0.0001w .1834 
  449 .1820   2 1 181.5  1979/06/18 18.87  2773   14.80  147.0  43.95        100.0  25e-4 -1.17  0.0001w .2050 
  450 .2013   2 1 181.7  1979/06/18 18.86  2825   14.79  149.8  43.95        100.0  25e-4 .7412  0.0001w .2261 
  451 7.3e-2  1 2 181.8  1979/06/18 18.86  2689   14.79  142.6  43.96        100.0  25e-4 7.255  0.0000w 8.3e-2
  452 .1643   1   181.9  1979/06/18 18.86  2934   14.79  155.6  43.96        100.0  25e-4 5.786  0.0001w .1833 
  453 .1828   2 1 182.1  1979/06/18 18.85  2892   14.79  153.4  43.97        100.0  25e-4 -1.17  0.0001w .2049 
  454 .2022   2 1 182.3  1979/06/18 18.85  2890   14.79  153.3  43.98        100.0  25e-4 .7448  0.0001w .2260 
  455 7.4e-2  1 2 182.4  1979/06/18 18.85  2696   14.79  143.0  43.98        100.0  25e-4 7.232  0.0000w 8.3e-2
  456 .1651   1   182.6  1979/06/19 18.84  2933   14.79  155.7  43.98        100.0  25e-4 5.777  0.0001w .1832 
  457 .1836   2 1 182.8  1979/06/19 18.84  2892   14.79  153.5  43.99        100.0  25e-4 -1.17  0.0001w .2048 
  458 .2032   2 1 183.0  1979/06/19 18.83  2889   14.79  153.4  44.00        100.0  25e-4 .7486  0.0001w .2260 
  459 7.4e-2  1 2 183.0  1979/06/19 18.83  2696   14.79  143.2  44.00        100.0  25e-4 7.202  0.0000w 8.3e-2
  460 .1659   1   183.2  1979/06/19 18.82  2932   14.79  155.8  44.00        100.0  25e-4 5.793  0.0001w .1832 
1

                                 S T A R S   T I M E   S T E P   S U M M A R Y
                                              STARS Test Bed No. 7
                                    Fourth SPE Comparative Solution Project
                                     Problem 2A:  Steam Flood with Dead Oil
 ==============================================================================================================
 ---Time Step---- ------Time------- ------------Production----------- --Injection--  Mat  ---Maximum Changes---
                C                    Oil    Gas   Water   GOR    Wat.  Gas   Water   Bal   Pres    Sat   Temp
       Size     U                                         ft3    Cut                 Err
  No.  days  IT T  days   yy/mm/dd  bbl/d  ft3/d  bbl/d   /bbl    %   ft3/d  bbl/d    %    psi    w/o/g  deg F
 ---- ------ -- - ------ ---------- ------ ------ ------ ------ ----- ------ ------ ----- ------ ------- ------
  461 .1845   2 1 183.4  1979/06/19 18.82  2890   14.79  153.6  44.01        100.0  25e-4 -1.18  0.0001w .2047 
  462 .2041   2 1 183.6  1979/06/20 18.81  2887   14.79  153.5  44.02        100.0  25e-4 2.294  0.0001w .2265 
  463 7.4e-2  1 2 183.7  1979/06/20 18.81  2695   14.79  143.3  44.02        100.0  25e-4 6.866  0.0000w 8.4e-2
  464 .1670   1   183.8  1979/06/20 18.81  2931   14.79  155.8  44.02        100.0  25e-4 5.943  0.0001w .1846 
  465 .1857   2 1 184.0  1979/06/20 18.80  2889   14.79  153.6  44.03        100.0  25e-4 -1.06  0.0001w .2062 
  466 .2054   2 1 184.2  1979/06/20 18.80  2886   14.79  153.5  44.03        100.0  25e-4 .7574  0.0001w .2274 
  467 7.5e-2  1 2 184.3  1979/06/20 18.80  2694   14.79  143.3  44.04        100.0  25e-4 6.836  0.0000w 8.4e-2
  468 .1681   1   184.5  1979/06/20 18.79  2929   14.79  155.9  44.04        100.0  25e-4 5.861  0.0001w .1847 
  469 .1869   2 1 184.7  1979/06/21 18.79  2887   14.79  153.6  44.05        100.0  25e-4 -1.14  0.0001w .2063 
  470 .2067   2 1 184.9  1979/06/21 18.78  2883   14.79  153.5  44.05        100.0  25e-4 .7621  0.0001w .2275 
  471 7.5e-2  1 2 184.9  1979/06/21 18.78  2693   14.79  143.4  44.05        100.0  25e-4 6.803  0.0000w 8.4e-2
  472 .1691   1   185.1  1979/06/21 18.77  2926   14.79  155.9  44.06        100.0  25e-4 5.822  0.0001w .1848 
  473 .1880   2 1 185.3  1979/06/21 18.77  2919   14.79  155.5  44.07        100.0  25e-4 -1.16  0.0001w .2064 
  474 .2079   2 1 185.5  1979/06/22 18.76  2997   14.79  159.7  44.08        100.0  25e-4 .7666  0.0001w .2276 
  475 7.6e-2  1   185.6  1979/06/22 18.76  2810   14.79  149.8  44.09        100.0  25e-4 6.779  0.0000w 8.4e-2
  476 .1702   1   185.7  1979/06/22 18.76  3043   14.80  162.2  44.10        100.0  25e-4 5.814  0.0001w .1850 
  477 .1892   2   185.9  1979/06/22 18.75  3002   14.80  160.1  44.11        100.0  25e-4 -1.16  0.0001w .2066 
  478 .2092   2   186.1  1979/06/22 18.75  3000   14.80  160.0  44.12        100.0  25e-4 .7710  0.0001w .2278 
  479 .2301   4   186.4  1979/06/22 18.74  2999   14.81  160.0  44.14        100.0  25e-4 .8478  0.0001w .2502 
  480 8.3e-2  1   186.5  1979/06/22 18.74  2808   14.81  149.9  44.14        100.0  25e-4 7.275  0.0000w 9.2e-2
1

                                 S T A R S   T I M E   S T E P   S U M M A R Y
                                              STARS Test Bed No. 7
                                    Fourth SPE Comparative Solution Project
                                     Problem 2A:  Steam Flood with Dead Oil
 ==============================================================================================================
 ---Time Step---- ------Time------- ------------Production----------- --Injection--  Mat  ---Maximum Changes---
                C                    Oil    Gas   Water   GOR    Wat.  Gas   Water   Bal   Pres    Sat   Temp
       Size     U                                         ft3    Cut                 Err
  No.  days  IT T  days   yy/mm/dd  bbl/d  ft3/d  bbl/d   /bbl    %   ft3/d  bbl/d    %    psi    w/o/g  deg F
 ---- ------ -- - ------ ---------- ------ ------ ------ ------ ----- ------ ------ ----- ------ ------- ------
  481 .1867   1   186.6  1979/06/23 18.73  3043   14.81  162.4  44.16        100.0  25e-4 6.022  0.0001w .2016 
  482 .2067   2   186.9  1979/06/23 18.73  3001   14.81  160.2  44.17        100.0  25e-4 -1.12  0.0001w .2239 
  483 .2276   2   187.1  1979/06/23 18.72  2998   14.82  160.1  44.18        100.0  25e-4 .8375  0.0001w .2459 
  484 8.3e-2  1   187.2  1979/06/23 18.72  2809   14.82  150.1  44.19        100.0  25e-4 6.845  0.0000w 9.0e-2
  485 .1853   1   187.3  1979/06/23 18.71  3041   14.82  162.5  44.20        100.0  25e-4 5.976  0.0001w .1990 
  486 .4107   2   187.8  1979/06/24 18.70  3046   14.83  162.9  44.22        100.0  25e-4 7.517  0.0001w .4218 
  487 .8613   9   188.6  1979/06/25 18.68  3039   14.83  162.7  44.26        100.0  25e-4 4.839  -.0003o .7942 
  488 1.658   8   190.3  1979/06/26 18.63  3023   14.84  162.2  44.33        100.0  25e-4 6.035  -.0011o 1.531 
  489 2.748   8   193.0  1979/06/29 18.56  3022   14.84  162.9  44.42        100.0  25e-4 9.817  -.0017o 2.500 
  490 1.924   7   195.0  1979/07/01 18.50  3140   14.91  169.7  44.63        100.0  25e-4 7.031  -.0012o 1.897 
  491 2.981   7   197.9  1979/07/04 18.41  3242   15.00  176.1  44.89        100.0  25e-4 10.63  -.0017o 2.601 
  492 4.106   7   202.0  1979/07/08 18.30  3204   15.08  175.1  45.19        100.0  25e-4 14.79  -.0023o 3.930 
  493 4.678   3   206.7  1979/07/13 18.17  3141   15.14  172.8  45.45        100.0  25e-4 16.91  -.0029o 4.404 
  494 5.020   3   211.7  1979/07/18 18.05  3074   15.20  170.3  45.70        100.0  25e-4 18.11  -.0028o 4.499 
  495 5.325   3   217.1  1979/07/23 17.94  3005   15.28  167.5  46.00        100.0  25e-4 19.05  -.0027o 4.545 
  496 5.617   3   222.7  1979/07/29 17.83  2932   15.43  164.4  46.39        100.0  25e-4 20.68  -.0027o 4.502 
  497 5.956   4   228.6  1979/08/04 17.74  2861   15.69  161.3  46.93        100.0  25e-4 21.32  -.0026o 4.537 
  498 6.289   3   234.9  1979/08/10 17.65  2777   16.13  157.3  47.74        100.0  25e-4 21.49  -.0026o 4.536 
  499 6.641   3   241.6  1979/08/17 17.58  2682   16.85  152.5  48.94        100.0  25e-4 21.20  -.0025o 4.530 
  500 7.018   3   248.6  1979/08/24 17.52  2613   17.87  149.1  50.49        100.0  25e-4 20.67  -.0025o 4.548 
1

                                 S T A R S   T I M E   S T E P   S U M M A R Y
                                              STARS Test Bed No. 7
                                    Fourth SPE Comparative Solution Project
                                     Problem 2A:  Steam Flood with Dead Oil
 ==============================================================================================================
 ---Time Step---- ------Time------- ------------Production----------- --Injection--  Mat  ---Maximum Changes---
                C                    Oil    Gas   Water   GOR    Wat.  Gas   Water   Bal   Pres    Sat   Temp
       Size     U                                         ft3    Cut                 Err
  No.  days  IT T  days   yy/mm/dd  bbl/d  ft3/d  bbl/d   /bbl    %   ft3/d  bbl/d    %    psi    w/o/g  deg F
 ---- ------ -- - ------ ---------- ------ ------ ------ ------ ----- ------ ------ ----- ------ ------- ------
  501 7.401   7   256.0  1979/08/31 17.48  2531   19.36  144.8  52.55        100.0  25e-4 19.79  -.0024o 4.792 
  502 7.581   3   263.6  1979/09/08 17.44  2512   21.11  144.0  54.75        100.0  25e-4 20.58  -.0023o 4.901 
  503 7.668   3   271.2  1979/09/15 17.43  2435   23.47  139.7  57.39        100.0  25e-4 20.85  0.0025w 4.983 
  504 7.683   3   278.9  1979/09/23 17.45  2269   27.08  130.0  60.81        100.0  25e-4 19.61  0.0026w 5.005 
  505 7.678   3   286.6  1979/10/01 17.53  2107   32.25  120.2  64.78        100.0  25e-4 17.80  0.0025w 4.990 
  506 7.687   5   294.3  1979/10/08 17.62  2104   38.39  119.4  68.54        100.0  25e-4 16.83  0.0028w 4.985 
  507 7.700   3   302.0  1979/10/16 17.70  2090   45.34  118.1  71.93        100.0  25e-4 14.14  0.0029w 4.929 
  508 7.763   4   309.7  1979/10/24 17.75  2093   52.73  117.9  74.81        100.0  25e-4 12.00  0.0029w 4.897 
  509 7.856   3   317.6  1979/11/01 17.75  2195   60.21  123.7  77.23        100.0  25e-4 11.43  0.0026w 4.881 
  510 7.964   4   325.6  1979/11/09 17.67  2406   67.53  136.2  79.26        100.0  25e-4 10.34  0.0022w 4.872 
  511 8.082   7   333.6  1979/11/17 17.51  2590   74.09  147.9  80.88        100.0  25e-4 9.434  -.0023o 4.860 
  512 8.213   3   341.9  1979/11/25 17.33  2666   79.67  153.8  82.13        100.0  25e-4 -9.15  -.0021o 4.845 
  513 8.361   3   350.2  1979/12/03 17.11  2818   85.11  164.7  83.26        100.0  25e-4 -15.4  -.0015o 4.830 
  514 8.527   3   358.7  1979/12/12 16.89  2822   89.69  167.0  84.15        100.0  25e-4 -13.4  -.0015o 4.815 
  515 8.710   4   367.5  1979/12/20 16.70  2748   93.54  164.6  84.85        100.0  25e-4 -10.2  -.0015o 4.801 
  516 8.913   7   376.4  1979/12/29 16.53  2661   96.97  161.0  85.44        100.0  25e-4 -8.32  -.0014o 4.663 
  517 9.270   7   385.6  1980/01/08 16.38  2585   100.1  157.9  85.95        100.0  25e-4 -7.73  -.0014o 4.689 
  518 9.612   7   395.3  1980/01/17 16.24  2546   103.0  156.8  86.38        100.0  25e-4 -9.47  -.0029o 4.727 
  519 9.922   4   405.2  1980/01/27 16.12  2505   105.4  155.4  86.74        100.0  25e-4 -9.22  -.0030o 4.660 
  520 10.00   5   415.2  1980/02/06 16.02  2463   107.6  153.8  87.04        100.0  25e-4 -8.83  -.0029o 4.471 
1

                                 S T A R S   T I M E   S T E P   S U M M A R Y
                                              STARS Test Bed No. 7
                                    Fourth SPE Comparative Solution Project
                                     Problem 2A:  Steam Flood with Dead Oil
 ==============================================================================================================
 ---Time Step---- ------Time------- ------------Production----------- --Injection--  Mat  ---Maximum Changes---
                C                    Oil    Gas   Water   GOR    Wat.  Gas   Water   Bal   Pres    Sat   Temp
       Size     U                                         ft3    Cut                 Err
  No.  days  IT T  days   yy/mm/dd  bbl/d  ft3/d  bbl/d   /bbl    %   ft3/d  bbl/d    %    psi    w/o/g  deg F
 ---- ------ -- - ------ ---------- ------ ------ ------ ------ ----- ------ ------ ----- ------ ------- ------
  521 10.00   4   425.2  1980/02/16 15.93  2430   109.6  152.5  87.31        100.0  25e-4 -9.03  -.0027o 4.259 
  522 10.00   4   435.2  1980/02/26 15.86  2413   111.3  152.2  87.52        100.0  25e-4 -8.53  -.0026o 4.090 
  523 10.00   3   445.2  1980/03/07 15.79  2396   112.7  151.7  87.71        100.0  25e-4 -8.62  -.0024o 3.968 
  524 10.00   3   455.2  1980/03/17 15.73  2383   113.8  151.5  87.85        100.0  25e-4 -9.76  -.0023o 3.865 
  525 10.00   3   465.2  1980/03/27 15.67  2366   114.7  151.0  87.98        100.0  25e-4 -9.19  -.0022o 3.759 
  526 10.00   4   475.2  1980/04/06 15.62  2352   115.4  150.5  88.08        100.0  25e-4 -8.87  -.0021o 3.655 
  527 10.00   6   485.2  1980/04/16 15.57  2344   115.9  150.5  88.16        100.0  25e-4 -9.00  -.0020o 3.556 
  528 10.00   4   495.2  1980/04/26 15.53  2320   116.6  149.4  88.25        100.0  25e-4 -8.87  -.0019o 3.473 
  529 10.00   2   505.2  1980/05/06 15.49  2318   117.2  149.7  88.33        100.0  25e-4 -8.08  -.0018o 3.404 
  530 10.00   4   515.2  1980/05/16 15.45  2311   117.5  149.6  88.38        100.0  25e-4 -8.21  -.0017o 3.296 
  531 10.00   6   525.2  1980/05/26 15.41  2303   117.7  149.5  88.42        100.0  25e-4 -7.44  -.0016o 3.228 
  532 10.00   4   535.2  1980/06/05 15.38  2283   118.2  148.4  88.49        100.0  25e-4 -8.11  -.0016o 3.178 
  533 10.00   3   545.2  1980/06/15 15.35  2284   118.4  148.8  88.53        100.0  25e-4 -7.24  -.0015o 3.092 
  534 10.00   3   555.2  1980/06/25 15.33  2274   118.8  148.4  88.57        100.0  25e-4 -6.99  -.0015o 3.077 
  535 10.00   7   565.2  1980/07/05 15.30  2273   119.0  148.6  88.61        100.0  25e-4 -6.64  -.0014o 3.067 
  536 10.00   7   575.2  1980/07/15 15.28  2267   119.2  148.4  88.64        100.0  25e-4 -6.52  -.0017o 3.090 
  537 10.00   7   585.2  1980/07/25 15.26  2257   119.4  147.9  88.67        100.0  25e-4 -6.25  -.0021o 3.140 
  538 10.00   7   595.2  1980/08/04 15.24  2252   119.6  147.8  88.70        100.0  25e-4 -6.28  -.0021o 3.220 
  539 10.00   7   605.2  1980/08/14 15.22  2250   119.8  147.8  88.73        100.0  25e-4 -5.79  -.0020o 3.223 
  540 10.00   7   615.2  1980/08/24 15.21  2245   120.0  147.6  88.75        100.0  25e-4 -5.77  -.0019o 3.253 
1

                                 S T A R S   T I M E   S T E P   S U M M A R Y
                                              STARS Test Bed No. 7
                                    Fourth SPE Comparative Solution Project
                                     Problem 2A:  Steam Flood with Dead Oil
 ==============================================================================================================
 ---Time Step---- ------Time------- ------------Production----------- --Injection--  Mat  ---Maximum Changes---
                C                    Oil    Gas   Water   GOR    Wat.  Gas   Water   Bal   Pres    Sat   Temp
       Size     U                                         ft3    Cut                 Err
  No.  days  IT T  days   yy/mm/dd  bbl/d  ft3/d  bbl/d   /bbl    %   ft3/d  bbl/d    %    psi    w/o/g  deg F
 ---- ------ -- - ------ ---------- ------ ------ ------ ------ ----- ------ ------ ----- ------ ------- ------
  541 10.00   7   625.2  1980/09/03 15.20  2241   120.2  147.4  88.78        100.0  25e-4 -5.63  -.0018o 3.239 
  542 10.00   7   635.2  1980/09/13 15.19  2239   120.5  147.4  88.80        100.0  25e-4 -5.68  -.0017o 3.247 
  543 10.00   7   645.2  1980/09/23 15.18  2236   120.7  147.2  88.82        100.0  25e-4 -5.78  -.0016o 3.209 
  544 10.00   7   655.2  1980/10/03 15.18  2234   120.9  147.2  88.84        100.0  25e-4 -5.98  -.0015o 3.188 
  545 10.00   7   665.2  1980/10/13 15.18  2232   121.1  147.0  88.86        100.0  25e-4 -6.05  -.0014o 3.143 
  546 10.00   7   675.2  1980/10/23 15.18  2231   121.3  147.0  88.87        100.0  25e-4 -6.12  -.0013o 3.105 
  547 10.00   7   685.2  1980/11/02 15.18  2230   121.4  146.8  88.89        100.0  25e-4 -6.19  -.0013o 3.063 
  548 10.00   7   695.2  1980/11/12 15.19  2230   121.6  146.8  88.89        100.0  25e-4 -6.25  -.0012o 3.017 
  549 10.00   7   705.2  1980/11/22 15.20  2231   121.6  146.8  88.89        100.0  25e-4 -6.90  -.0011o 2.946 
  550 10.00   3   715.2  1980/12/02 15.21  2231   121.6  146.7  88.89        100.0  25e-4 -6.26  -.0011o 2.888 
  551 10.00   7   725.2  1980/12/12 15.22  2231   121.6  146.6  88.88        100.0  25e-4 -6.34  -.0010o 2.833 
  552 4.826   2   730.0  1980/12/17 15.23  2219   121.6  145.7  88.87        100.0  25e-4 -5.04  -.0005o 1.356 
